Deque created with capacity: 10 size: 0 front: 5 back: 4
Initially created: F: 5 B: 4 ... { }

------ Alternating insertions -------------

After insert_front(0): F: 4 B: 4 ... {0}
After insert_back(1): F: 4 B: 5 ... {0, 1}
After insert_front(2): F: 3 B: 5 ... {2, 0, 1}
After insert_back(3): F: 3 B: 6 ... {2, 0, 1, 3}
After insert_front(4): F: 2 B: 6 ... {4, 2, 0, 1, 3}
After insert_back(5): F: 2 B: 7 ... {4, 2, 0, 1, 3, 5}
After insert_front(6): F: 1 B: 7 ... {6, 4, 2, 0, 1, 3, 5}
After insert_back(7): F: 1 B: 8 ... {6, 4, 2, 0, 1, 3, 5, 7}
After insert_front(8): F: 0 B: 8 ... {8, 6, 4, 2, 0, 1, 3, 5, 7}
After insert_back(9): F: 0 B: 9 ... {8, 6, 4, 2, 0, 1, 3, 5, 7, 9}
The capacity was doubled from 10 to 20
After insert_front(10): F: 19 B: 9 ... {10, 8, 6, 4, 2, 0, 1, 3, 5, 7, 9}
After insert_back(11): F: 19 B: 10 ... {10, 8, 6, 4, 2, 0, 1, 3, 5, 7, 9, 11}
After insert_front(12): F: 18 B: 10 ... {12, 10, 8, 6, 4, 2, 0, 1, 3, 5, 7, 9, 11}
After insert_back(13): F: 18 B: 11 ... {12, 10, 8, 6, 4, 2, 0, 1, 3, 5, 7, 9, 11, 13}
After insert_front(14): F: 17 B: 11 ... {14, 12, 10, 8, 6, 4, 2, 0, 1, 3, 5, 7, 9, 11, 13}
After insert_back(15): F: 17 B: 12 ... {14, 12, 10, 8, 6, 4, 2, 0, 1, 3, 5, 7, 9, 11, 13, 15}
After insert_front(16): F: 16 B: 12 ... {16, 14, 12, 10, 8, 6, 4, 2, 0, 1, 3, 5, 7, 9, 11, 13, 15}
After insert_back(17): F: 16 B: 13 ... {16, 14, 12, 10, 8, 6, 4, 2, 0, 1, 3, 5, 7, 9, 11, 13, 15, 17}
After insert_front(18): F: 15 B: 13 ... {18, 16, 14, 12, 10, 8, 6, 4, 2, 0, 1, 3, 5, 7, 9, 11, 13, 15, 17}
After insert_back(19): F: 15 B: 14 ... {18, 16, 14, 12, 10, 8, 6, 4, 2, 0, 1, 3, 5, 7, 9, 11, 13, 15, 17, 19}
The capacity was doubled from 20 to 40
After insert_front(20): F: 39 B: 19 ... {20, 18, 16, 14, 12, 10, 8, 6, 4, 2, 0, 1, 3, 5, 7, 9, 11, 13, 15, 17, 19}
After insert_back(21): F: 39 B: 20 ... {20, 18, 16, 14, 12, 10, 8, 6, 4, 2, 0, 1, 3, 5, 7, 9, 11, 13, 15, 17, 19, 21}
After insert_front(22): F: 38 B: 20 ... {22, 20, 18, 16, 14, 12, 10, 8, 6, 4, 2, 0, 1, 3, 5, 7, 9, 11, 13, 15, 17, 19, 21}
After insert_back(23): F: 38 B: 21 ... {22, 20, 18, 16, 14, 12, 10, 8, 6, 4, 2, 0, 1, 3, 5, 7, 9, 11, 13, 15, 17, 19, 21, 23}
After insert_front(24): F: 37 B: 21 ... {24, 22, 20, 18, 16, 14, 12, 10, 8, 6, 4, 2, 0, 1, 3, 5, 7, 9, 11, 13, 15, 17, 19, 21, 23}
After insert_back(25): F: 37 B: 22 ... {24, 22, 20, 18, 16, 14, 12, 10, 8, 6, 4, 2, 0, 1, 3, 5, 7, 9, 11, 13, 15, 17, 19, 21, 23, 25}
After insert_front(26): F: 36 B: 22 ... {26, 24, 22, 20, 18, 16, 14, 12, 10, 8, 6, 4, 2, 0, 1, 3, 5, 7, 9, 11, 13, 15, 17, 19, 21, 23, 25}
After insert_back(27): F: 36 B: 23 ... {26, 24, 22, 20, 18, 16, 14, 12, 10, 8, 6, 4, 2, 0, 1, 3, 5, 7, 9, 11, 13, 15, 17, 19, 21, 23, 25, 27}
After insert_front(28): F: 35 B: 23 ... {28, 26, 24, 22, 20, 18, 16, 14, 12, 10, 8, 6, 4, 2, 0, 1, 3, 5, 7, 9, 11, 13, 15, 17, 19, 21, 23, 25, 27}
After insert_back(29): F: 35 B: 24 ... {28, 26, 24, 22, 20, 18, 16, 14, 12, 10, 8, 6, 4, 2, 0, 1, 3, 5, 7, 9, 11, 13, 15, 17, 19, 21, 23, 25, 27, 29}
After remove_front of 28: F: 36 B: 24 ... {26, 24, 22, 20, 18, 16, 14, 12, 10, 8, 6, 4, 2, 0, 1, 3, 5, 7, 9, 11, 13, 15, 17, 19, 21, 23, 25, 27, 29}
After remove_back of 29: F: 36 B: 23 ... {26, 24, 22, 20, 18, 16, 14, 12, 10, 8, 6, 4, 2, 0, 1, 3, 5, 7, 9, 11, 13, 15, 17, 19, 21, 23, 25, 27}
After remove_front of 26: F: 37 B: 23 ... {24, 22, 20, 18, 16, 14, 12, 10, 8, 6, 4, 2, 0, 1, 3, 5, 7, 9, 11, 13, 15, 17, 19, 21, 23, 25, 27}
After remove_back of 27: F: 37 B: 22 ... {24, 22, 20, 18, 16, 14, 12, 10, 8, 6, 4, 2, 0, 1, 3, 5, 7, 9, 11, 13, 15, 17, 19, 21, 23, 25}
After remove_front of 24: F: 38 B: 22 ... {22, 20, 18, 16, 14, 12, 10, 8, 6, 4, 2, 0, 1, 3, 5, 7, 9, 11, 13, 15, 17, 19, 21, 23, 25}
After remove_back of 25: F: 38 B: 21 ... {22, 20, 18, 16, 14, 12, 10, 8, 6, 4, 2, 0, 1, 3, 5, 7, 9, 11, 13, 15, 17, 19, 21, 23}
After remove_front of 22: F: 39 B: 21 ... {20, 18, 16, 14, 12, 10, 8, 6, 4, 2, 0, 1, 3, 5, 7, 9, 11, 13, 15, 17, 19, 21, 23}
After remove_back of 23: F: 39 B: 20 ... {20, 18, 16, 14, 12, 10, 8, 6, 4, 2, 0, 1, 3, 5, 7, 9, 11, 13, 15, 17, 19, 21}
After remove_front of 20: F: 0 B: 20 ... {18, 16, 14, 12, 10, 8, 6, 4, 2, 0, 1, 3, 5, 7, 9, 11, 13, 15, 17, 19, 21}
After remove_back of 21: F: 0 B: 19 ... {18, 16, 14, 12, 10, 8, 6, 4, 2, 0, 1, 3, 5, 7, 9, 11, 13, 15, 17, 19}
After remove_front of 18: F: 1 B: 19 ... {16, 14, 12, 10, 8, 6, 4, 2, 0, 1, 3, 5, 7, 9, 11, 13, 15, 17, 19}
After remove_back of 19: F: 1 B: 18 ... {16, 14, 12, 10, 8, 6, 4, 2, 0, 1, 3, 5, 7, 9, 11, 13, 15, 17}
After remove_front of 16: F: 2 B: 18 ... {14, 12, 10, 8, 6, 4, 2, 0, 1, 3, 5, 7, 9, 11, 13, 15, 17}
After remove_back of 17: F: 2 B: 17 ... {14, 12, 10, 8, 6, 4, 2, 0, 1, 3, 5, 7, 9, 11, 13, 15}
After remove_front of 14: F: 3 B: 17 ... {12, 10, 8, 6, 4, 2, 0, 1, 3, 5, 7, 9, 11, 13, 15}
After remove_back of 15: F: 3 B: 16 ... {12, 10, 8, 6, 4, 2, 0, 1, 3, 5, 7, 9, 11, 13}
After remove_front of 12: F: 4 B: 16 ... {10, 8, 6, 4, 2, 0, 1, 3, 5, 7, 9, 11, 13}
After remove_back of 13: F: 4 B: 15 ... {10, 8, 6, 4, 2, 0, 1, 3, 5, 7, 9, 11}
After remove_front of 10: F: 5 B: 15 ... {8, 6, 4, 2, 0, 1, 3, 5, 7, 9, 11}
After remove_back of 11: F: 5 B: 14 ... {8, 6, 4, 2, 0, 1, 3, 5, 7, 9}
After remove_front of 8: F: 6 B: 14 ... {6, 4, 2, 0, 1, 3, 5, 7, 9}
After remove_back of 9: F: 6 B: 13 ... {6, 4, 2, 0, 1, 3, 5, 7}
After remove_front of 6: F: 7 B: 13 ... {4, 2, 0, 1, 3, 5, 7}
After remove_back of 7: F: 7 B: 12 ... {4, 2, 0, 1, 3, 5}
After remove_front of 4: F: 8 B: 12 ... {2, 0, 1, 3, 5}
After remove_back of 5: F: 8 B: 11 ... {2, 0, 1, 3}
After remove_front of 2: F: 9 B: 11 ... {0, 1, 3}
After remove_back of 3: F: 9 B: 10 ... {0, 1}
After remove_front of 0: F: 10 B: 10 ... {1}
After remove_back of 1: F: 10 B: 9 ... { }


------ Inserting at the back -----

Deque created with capacity: 10 size: 0 front: 5 back: 4
After insert_back(0): F: 5 B: 5 ... {0}
After insert_back(1): F: 5 B: 6 ... {0, 1}
After insert_back(2): F: 5 B: 7 ... {0, 1, 2}
After insert_back(3): F: 5 B: 8 ... {0, 1, 2, 3}
After insert_back(4): F: 5 B: 9 ... {0, 1, 2, 3, 4}
After insert_back(5): F: 5 B: 0 ... {0, 1, 2, 3, 4, 5}
After insert_back(6): F: 5 B: 1 ... {0, 1, 2, 3, 4, 5, 6}
After insert_back(7): F: 5 B: 2 ... {0, 1, 2, 3, 4, 5, 6, 7}
After insert_back(8): F: 5 B: 3 ... {0, 1, 2, 3, 4, 5, 6, 7, 8}
After insert_back(9): F: 5 B: 4 ... {0, 1, 2, 3, 4, 5, 6, 7, 8, 9}
The capacity was doubled from 10 to 20
After insert_back(10): F: 0 B: 10 ... {0, 1, 2, 3, 4, 5, 6, 7, 8, 9, 10}
After insert_back(11): F: 0 B: 11 ... {0, 1, 2, 3, 4, 5, 6, 7, 8, 9, 10, 11}
After insert_back(12): F: 0 B: 12 ... {0, 1, 2, 3, 4, 5, 6, 7, 8, 9, 10, 11, 12}
After insert_back(13): F: 0 B: 13 ... {0, 1, 2, 3, 4, 5, 6, 7, 8, 9, 10, 11, 12, 13}
After insert_back(14): F: 0 B: 14 ... {0, 1, 2, 3, 4, 5, 6, 7, 8, 9, 10, 11, 12, 13, 14}
After insert_back(15): F: 0 B: 15 ... {0, 1, 2, 3, 4, 5, 6, 7, 8, 9, 10, 11, 12, 13, 14, 15}
After insert_back(16): F: 0 B: 16 ... {0, 1, 2, 3, 4, 5, 6, 7, 8, 9, 10, 11, 12, 13, 14, 15, 16}
After insert_back(17): F: 0 B: 17 ... {0, 1, 2, 3, 4, 5, 6, 7, 8, 9, 10, 11, 12, 13, 14, 15, 16, 17}
After insert_back(18): F: 0 B: 18 ... {0, 1, 2, 3, 4, 5, 6, 7, 8, 9, 10, 11, 12, 13, 14, 15, 16, 17, 18}
After insert_back(19): F: 0 B: 19 ... {0, 1, 2, 3, 4, 5, 6, 7, 8, 9, 10, 11, 12, 13, 14, 15, 16, 17, 18, 19}
The capacity was doubled from 20 to 40
After insert_back(20): F: 0 B: 20 ... {0, 1, 2, 3, 4, 5, 6, 7, 8, 9, 10, 11, 12, 13, 14, 15, 16, 17, 18, 19, 20}
After insert_back(21): F: 0 B: 21 ... {0, 1, 2, 3, 4, 5, 6, 7, 8, 9, 10, 11, 12, 13, 14, 15, 16, 17, 18, 19, 20, 21}
After insert_back(22): F: 0 B: 22 ... {0, 1, 2, 3, 4, 5, 6, 7, 8, 9, 10, 11, 12, 13, 14, 15, 16, 17, 18, 19, 20, 21, 22}
After insert_back(23): F: 0 B: 23 ... {0, 1, 2, 3, 4, 5, 6, 7, 8, 9, 10, 11, 12, 13, 14, 15, 16, 17, 18, 19, 20, 21, 22, 23}
After insert_back(24): F: 0 B: 24 ... {0, 1, 2, 3, 4, 5, 6, 7, 8, 9, 10, 11, 12, 13, 14, 15, 16, 17, 18, 19, 20, 21, 22, 23, 24}
After insert_back(25): F: 0 B: 25 ... {0, 1, 2, 3, 4, 5, 6, 7, 8, 9, 10, 11, 12, 13, 14, 15, 16, 17, 18, 19, 20, 21, 22, 23, 24, 25}
After insert_back(26): F: 0 B: 26 ... {0, 1, 2, 3, 4, 5, 6, 7, 8, 9, 10, 11, 12, 13, 14, 15, 16, 17, 18, 19, 20, 21, 22, 23, 24, 25, 26}
After insert_back(27): F: 0 B: 27 ... {0, 1, 2, 3, 4, 5, 6, 7, 8, 9, 10, 11, 12, 13, 14, 15, 16, 17, 18, 19, 20, 21, 22, 23, 24, 25, 26, 27}
After insert_back(28): F: 0 B: 28 ... {0, 1, 2, 3, 4, 5, 6, 7, 8, 9, 10, 11, 12, 13, 14, 15, 16, 17, 18, 19, 20, 21, 22, 23, 24, 25, 26, 27, 28}
After insert_back(29): F: 0 B: 29 ... {0, 1, 2, 3, 4, 5, 6, 7, 8, 9, 10, 11, 12, 13, 14, 15, 16, 17, 18, 19, 20, 21, 22, 23, 24, 25, 26, 27, 28, 29}
After remove_front of 0: F: 1 B: 29 ... {1, 2, 3, 4, 5, 6, 7, 8, 9, 10, 11, 12, 13, 14, 15, 16, 17, 18, 19, 20, 21, 22, 23, 24, 25, 26, 27, 28, 29}
After remove_front of 1: F: 2 B: 29 ... {2, 3, 4, 5, 6, 7, 8, 9, 10, 11, 12, 13, 14, 15, 16, 17, 18, 19, 20, 21, 22, 23, 24, 25, 26, 27, 28, 29}
After remove_front of 2: F: 3 B: 29 ... {3, 4, 5, 6, 7, 8, 9, 10, 11, 12, 13, 14, 15, 16, 17, 18, 19, 20, 21, 22, 23, 24, 25, 26, 27, 28, 29}
After remove_front of 3: F: 4 B: 29 ... {4, 5, 6, 7, 8, 9, 10, 11, 12, 13, 14, 15, 16, 17, 18, 19, 20, 21, 22, 23, 24, 25, 26, 27, 28, 29}
After remove_front of 4: F: 5 B: 29 ... {5, 6, 7, 8, 9, 10, 11, 12, 13, 14, 15, 16, 17, 18, 19, 20, 21, 22, 23, 24, 25, 26, 27, 28, 29}
After remove_front of 5: F: 6 B: 29 ... {6, 7, 8, 9, 10, 11, 12, 13, 14, 15, 16, 17, 18, 19, 20, 21, 22, 23, 24, 25, 26, 27, 28, 29}
After remove_front of 6: F: 7 B: 29 ... {7, 8, 9, 10, 11, 12, 13, 14, 15, 16, 17, 18, 19, 20, 21, 22, 23, 24, 25, 26, 27, 28, 29}
After remove_front of 7: F: 8 B: 29 ... {8, 9, 10, 11, 12, 13, 14, 15, 16, 17, 18, 19, 20, 21, 22, 23, 24, 25, 26, 27, 28, 29}
After remove_front of 8: F: 9 B: 29 ... {9, 10, 11, 12, 13, 14, 15, 16, 17, 18, 19, 20, 21, 22, 23, 24, 25, 26, 27, 28, 29}
After remove_front of 9: F: 10 B: 29 ... {10, 11, 12, 13, 14, 15, 16, 17, 18, 19, 20, 21, 22, 23, 24, 25, 26, 27, 28, 29}
After remove_front of 10: F: 11 B: 29 ... {11, 12, 13, 14, 15, 16, 17, 18, 19, 20, 21, 22, 23, 24, 25, 26, 27, 28, 29}
After remove_front of 11: F: 12 B: 29 ... {12, 13, 14, 15, 16, 17, 18, 19, 20, 21, 22, 23, 24, 25, 26, 27, 28, 29}
After remove_front of 12: F: 13 B: 29 ... {13, 14, 15, 16, 17, 18, 19, 20, 21, 22, 23, 24, 25, 26, 27, 28, 29}
After remove_front of 13: F: 14 B: 29 ... {14, 15, 16, 17, 18, 19, 20, 21, 22, 23, 24, 25, 26, 27, 28, 29}
After remove_front of 14: F: 15 B: 29 ... {15, 16, 17, 18, 19, 20, 21, 22, 23, 24, 25, 26, 27, 28, 29}
After remove_front of 15: F: 16 B: 29 ... {16, 17, 18, 19, 20, 21, 22, 23, 24, 25, 26, 27, 28, 29}
After remove_front of 16: F: 17 B: 29 ... {17, 18, 19, 20, 21, 22, 23, 24, 25, 26, 27, 28, 29}
After remove_front of 17: F: 18 B: 29 ... {18, 19, 20, 21, 22, 23, 24, 25, 26, 27, 28, 29}
After remove_front of 18: F: 19 B: 29 ... {19, 20, 21, 22, 23, 24, 25, 26, 27, 28, 29}
After remove_front of 19: F: 20 B: 29 ... {20, 21, 22, 23, 24, 25, 26, 27, 28, 29}
After remove_front of 20: F: 21 B: 29 ... {21, 22, 23, 24, 25, 26, 27, 28, 29}
After remove_front of 21: F: 22 B: 29 ... {22, 23, 24, 25, 26, 27, 28, 29}
After remove_front of 22: F: 23 B: 29 ... {23, 24, 25, 26, 27, 28, 29}
After remove_front of 23: F: 24 B: 29 ... {24, 25, 26, 27, 28, 29}
After remove_front of 24: F: 25 B: 29 ... {25, 26, 27, 28, 29}
After remove_front of 25: F: 26 B: 29 ... {26, 27, 28, 29}
After remove_front of 26: F: 27 B: 29 ... {27, 28, 29}
After remove_front of 27: F: 28 B: 29 ... {28, 29}
After remove_front of 28: F: 29 B: 29 ... {29}
After remove_front of 29: F: 30 B: 29 ... { }


------ Inserting at the front -----

Deque created with capacity: 10 size: 0 front: 5 back: 4
After insert_front(0): F: 4 B: 4 ... {0}
After insert_front(1): F: 3 B: 4 ... {1, 0}
After insert_front(2): F: 2 B: 4 ... {2, 1, 0}
After insert_front(3): F: 1 B: 4 ... {3, 2, 1, 0}
After insert_front(4): F: 0 B: 4 ... {4, 3, 2, 1, 0}
After insert_front(5): F: 9 B: 4 ... {5, 4, 3, 2, 1, 0}
After insert_front(6): F: 8 B: 4 ... {6, 5, 4, 3, 2, 1, 0}
After insert_front(7): F: 7 B: 4 ... {7, 6, 5, 4, 3, 2, 1, 0}
After insert_front(8): F: 6 B: 4 ... {8, 7, 6, 5, 4, 3, 2, 1, 0}
After insert_front(9): F: 5 B: 4 ... {9, 8, 7, 6, 5, 4, 3, 2, 1, 0}
The capacity was doubled from 10 to 20
After insert_front(10): F: 19 B: 9 ... {10, 9, 8, 7, 6, 5, 4, 3, 2, 1, 0}
After insert_front(11): F: 18 B: 9 ... {11, 10, 9, 8, 7, 6, 5, 4, 3, 2, 1, 0}
After insert_front(12): F: 17 B: 9 ... {12, 11, 10, 9, 8, 7, 6, 5, 4, 3, 2, 1, 0}
After insert_front(13): F: 16 B: 9 ... {13, 12, 11, 10, 9, 8, 7, 6, 5, 4, 3, 2, 1, 0}
After insert_front(14): F: 15 B: 9 ... {14, 13, 12, 11, 10, 9, 8, 7, 6, 5, 4, 3, 2, 1, 0}
After insert_front(15): F: 14 B: 9 ... {15, 14, 13, 12, 11, 10, 9, 8, 7, 6, 5, 4, 3, 2, 1, 0}
After insert_front(16): F: 13 B: 9 ... {16, 15, 14, 13, 12, 11, 10, 9, 8, 7, 6, 5, 4, 3, 2, 1, 0}
After insert_front(17): F: 12 B: 9 ... {17, 16, 15, 14, 13, 12, 11, 10, 9, 8, 7, 6, 5, 4, 3, 2, 1, 0}
After insert_front(18): F: 11 B: 9 ... {18, 17, 16, 15, 14, 13, 12, 11, 10, 9, 8, 7, 6, 5, 4, 3, 2, 1, 0}
After insert_front(19): F: 10 B: 9 ... {19, 18, 17, 16, 15, 14, 13, 12, 11, 10, 9, 8, 7, 6, 5, 4, 3, 2, 1, 0}
The capacity was doubled from 20 to 40
After insert_front(20): F: 39 B: 19 ... {20, 19, 18, 17, 16, 15, 14, 13, 12, 11, 10, 9, 8, 7, 6, 5, 4, 3, 2, 1, 0}
After insert_front(21): F: 38 B: 19 ... {21, 20, 19, 18, 17, 16, 15, 14, 13, 12, 11, 10, 9, 8, 7, 6, 5, 4, 3, 2, 1, 0}
After insert_front(22): F: 37 B: 19 ... {22, 21, 20, 19, 18, 17, 16, 15, 14, 13, 12, 11, 10, 9, 8, 7, 6, 5, 4, 3, 2, 1, 0}
After insert_front(23): F: 36 B: 19 ... {23, 22, 21, 20, 19, 18, 17, 16, 15, 14, 13, 12, 11, 10, 9, 8, 7, 6, 5, 4, 3, 2, 1, 0}
After insert_front(24): F: 35 B: 19 ... {24, 23, 22, 21, 20, 19, 18, 17, 16, 15, 14, 13, 12, 11, 10, 9, 8, 7, 6, 5, 4, 3, 2, 1, 0}
After insert_front(25): F: 34 B: 19 ... {25, 24, 23, 22, 21, 20, 19, 18, 17, 16, 15, 14, 13, 12, 11, 10, 9, 8, 7, 6, 5, 4, 3, 2, 1, 0}
After insert_front(26): F: 33 B: 19 ... {26, 25, 24, 23, 22, 21, 20, 19, 18, 17, 16, 15, 14, 13, 12, 11, 10, 9, 8, 7, 6, 5, 4, 3, 2, 1, 0}
After insert_front(27): F: 32 B: 19 ... {27, 26, 25, 24, 23, 22, 21, 20, 19, 18, 17, 16, 15, 14, 13, 12, 11, 10, 9, 8, 7, 6, 5, 4, 3, 2, 1, 0}
After insert_front(28): F: 31 B: 19 ... {28, 27, 26, 25, 24, 23, 22, 21, 20, 19, 18, 17, 16, 15, 14, 13, 12, 11, 10, 9, 8, 7, 6, 5, 4, 3, 2, 1, 0}
After insert_front(29): F: 30 B: 19 ... {29, 28, 27, 26, 25, 24, 23, 22, 21, 20, 19, 18, 17, 16, 15, 14, 13, 12, 11, 10, 9, 8, 7, 6, 5, 4, 3, 2, 1, 0}
After remove_back of 0: F: 30 B: 18 ... {29, 28, 27, 26, 25, 24, 23, 22, 21, 20, 19, 18, 17, 16, 15, 14, 13, 12, 11, 10, 9, 8, 7, 6, 5, 4, 3, 2, 1}
After remove_back of 1: F: 30 B: 17 ... {29, 28, 27, 26, 25, 24, 23, 22, 21, 20, 19, 18, 17, 16, 15, 14, 13, 12, 11, 10, 9, 8, 7, 6, 5, 4, 3, 2}
After remove_back of 2: F: 30 B: 16 ... {29, 28, 27, 26, 25, 24, 23, 22, 21, 20, 19, 18, 17, 16, 15, 14, 13, 12, 11, 10, 9, 8, 7, 6, 5, 4, 3}
After remove_back of 3: F: 30 B: 15 ... {29, 28, 27, 26, 25, 24, 23, 22, 21, 20, 19, 18, 17, 16, 15, 14, 13, 12, 11, 10, 9, 8, 7, 6, 5, 4}
After remove_back of 4: F: 30 B: 14 ... {29, 28, 27, 26, 25, 24, 23, 22, 21, 20, 19, 18, 17, 16, 15, 14, 13, 12, 11, 10, 9, 8, 7, 6, 5}
After remove_back of 5: F: 30 B: 13 ... {29, 28, 27, 26, 25, 24, 23, 22, 21, 20, 19, 18, 17, 16, 15, 14, 13, 12, 11, 10, 9, 8, 7, 6}
After remove_back of 6: F: 30 B: 12 ... {29, 28, 27, 26, 25, 24, 23, 22, 21, 20, 19, 18, 17, 16, 15, 14, 13, 12, 11, 10, 9, 8, 7}
After remove_back of 7: F: 30 B: 11 ... {29, 28, 27, 26, 25, 24, 23, 22, 21, 20, 19, 18, 17, 16, 15, 14, 13, 12, 11, 10, 9, 8}
After remove_back of 8: F: 30 B: 10 ... {29, 28, 27, 26, 25, 24, 23, 22, 21, 20, 19, 18, 17, 16, 15, 14, 13, 12, 11, 10, 9}
After remove_back of 9: F: 30 B: 9 ... {29, 28, 27, 26, 25, 24, 23, 22, 21, 20, 19, 18, 17, 16, 15, 14, 13, 12, 11, 10}
After remove_back of 10: F: 30 B: 8 ... {29, 28, 27, 26, 25, 24, 23, 22, 21, 20, 19, 18, 17, 16, 15, 14, 13, 12, 11}
After remove_back of 11: F: 30 B: 7 ... {29, 28, 27, 26, 25, 24, 23, 22, 21, 20, 19, 18, 17, 16, 15, 14, 13, 12}
After remove_back of 12: F: 30 B: 6 ... {29, 28, 27, 26, 25, 24, 23, 22, 21, 20, 19, 18, 17, 16, 15, 14, 13}
After remove_back of 13: F: 30 B: 5 ... {29, 28, 27, 26, 25, 24, 23, 22, 21, 20, 19, 18, 17, 16, 15, 14}
After remove_back of 14: F: 30 B: 4 ... {29, 28, 27, 26, 25, 24, 23, 22, 21, 20, 19, 18, 17, 16, 15}
After remove_back of 15: F: 30 B: 3 ... {29, 28, 27, 26, 25, 24, 23, 22, 21, 20, 19, 18, 17, 16}
After remove_back of 16: F: 30 B: 2 ... {29, 28, 27, 26, 25, 24, 23, 22, 21, 20, 19, 18, 17}
After remove_back of 17: F: 30 B: 1 ... {29, 28, 27, 26, 25, 24, 23, 22, 21, 20, 19, 18}
After remove_back of 18: F: 30 B: 0 ... {29, 28, 27, 26, 25, 24, 23, 22, 21, 20, 19}
After remove_back of 19: F: 30 B: 39 ... {29, 28, 27, 26, 25, 24, 23, 22, 21, 20}
After remove_back of 20: F: 30 B: 38 ... {29, 28, 27, 26, 25, 24, 23, 22, 21}
After remove_back of 21: F: 30 B: 37 ... {29, 28, 27, 26, 25, 24, 23, 22}
After remove_back of 22: F: 30 B: 36 ... {29, 28, 27, 26, 25, 24, 23}
After remove_back of 23: F: 30 B: 35 ... {29, 28, 27, 26, 25, 24}
After remove_back of 24: F: 30 B: 34 ... {29, 28, 27, 26, 25}
After remove_back of 25: F: 30 B: 33 ... {29, 28, 27, 26}
After remove_back of 26: F: 30 B: 32 ... {29, 28, 27}
After remove_back of 27: F: 30 B: 31 ... {29, 28}
After remove_back of 28: F: 30 B: 30 ... {29}
After remove_back of 29: F: 30 B: 29 ... { }
