sequence: {}
---- Testing some exception handling ----

---- Testing insert_back ----
sequence: {0, 1, 2, 3, 4, 5, 6, 7, 8, 9, 10, 11, 12, 13, 14}

Checking out 'front': 0

Checking out 'back': 14
size: 15

5 is the fifth element
Setting array[3] to 6
sequence: {0, 1, 2, 6, 4, 5, 6, 7, 8, 9, 10, 11, 12, 13, 14}

---- Testing remove ----
sequence: {0, 1, 2, 6, 4, 5, 6, 7, 8, 9, 10, 11, 12, 13, 14}
Removing element at index: 7 ...  removed 7
sequence: {0, 1, 2, 6, 4, 5, 6, 8, 9, 10, 11, 12, 13, 14}
Removing element at index: 7 ...  removed 8
sequence: {0, 1, 2, 6, 4, 5, 6, 9, 10, 11, 12, 13, 14}
Removing element at index: 5 ...  removed 5
sequence: {0, 1, 2, 6, 4, 6, 9, 10, 11, 12, 13, 14}
Removing element at index: 2 ...  removed 2
sequence: {0, 1, 6, 4, 6, 9, 10, 11, 12, 13, 14}
Removing element at index: 8 ...  removed 12
sequence: {0, 1, 6, 4, 6, 9, 10, 11, 13, 14}
Removing element at index: 2 ...  removed 6
sequence: {0, 1, 4, 6, 9, 10, 11, 13, 14}
Removing element at index: 6 ...  removed 11
sequence: {0, 1, 4, 6, 9, 10, 13, 14}
Removing element at index: 6 ...  removed 13
sequence: {0, 1, 4, 6, 9, 10, 14}
Removing element at index: 1 ...  removed 1
sequence: {0, 4, 6, 9, 10, 14}
Removing element at index: 1 ...  removed 4
sequence: {0, 6, 9, 10, 14}
Removing element at index: 0 ...  removed 0
sequence: {6, 9, 10, 14}
Removing element at index: 1 ...  removed 9
sequence: {6, 10, 14}
Removing element at index: 0 ...  removed 6
sequence: {10, 14}
Removing element at index: 0 ...  removed 10
sequence: {14}
Removing element at index: 0 ...  removed 14
sequence: {}

---- Testing remove_front ----
sequence: {0, 1, 2, 3, 4, 5, 6, 7, 8, 9}
Removing front element ...  removed 0
sequence: {1, 2, 3, 4, 5, 6, 7, 8, 9}
Removing front element ...  removed 1
sequence: {2, 3, 4, 5, 6, 7, 8, 9}
Removing front element ...  removed 2
sequence: {3, 4, 5, 6, 7, 8, 9}
Removing front element ...  removed 3
sequence: {4, 5, 6, 7, 8, 9}
Removing front element ...  removed 4
sequence: {5, 6, 7, 8, 9}
Removing front element ...  removed 5
sequence: {6, 7, 8, 9}
Removing front element ...  removed 6
sequence: {7, 8, 9}
Removing front element ...  removed 7
sequence: {8, 9}
Removing front element ...  removed 8
sequence: {9}
Removing front element ...  removed 9
sequence: {}

---- Testing remove_back ----
sequence: {0, 1, 2, 3, 4, 5, 6, 7, 8, 9}
Removing last element ...  removed 9
sequece: {0, 1, 2, 3, 4, 5, 6, 7, 8}
Removing last element ...  removed 8
sequece: {0, 1, 2, 3, 4, 5, 6, 7}
Removing last element ...  removed 7
sequece: {0, 1, 2, 3, 4, 5, 6}
Removing last element ...  removed 6
sequece: {0, 1, 2, 3, 4, 5}
Removing last element ...  removed 5
sequece: {0, 1, 2, 3, 4}
Removing last element ...  removed 4
sequece: {0, 1, 2, 3}
Removing last element ...  removed 3
sequece: {0, 1, 2}
Removing last element ...  removed 2
sequece: {0, 1}
Removing last element ...  removed 1
sequece: {0}
Removing last element ...  removed 0
sequece: {}

---- Testing insert ----
sequence: {0, 1, 2, 3, 4, 5, 6, 7, 8, 9, 10, 11, 12, 13, 14, 15, 16, 17, 18, 19, 20, 21, 22, 23, 24}
Inserting element 0 at index: 3 ... 
sequence: {0, 1, 2, 0, 3, 4, 5, 6, 7, 8, 9, 10, 11, 12, 13, 14, 15, 16, 17, 18, 19, 20, 21, 22, 23, 24}
Inserting element 1 at index: 17 ... 
sequence: {0, 1, 2, 0, 3, 4, 5, 6, 7, 8, 9, 10, 11, 12, 13, 14, 15, 1, 16, 17, 18, 19, 20, 21, 22, 23, 24}
Inserting element 2 at index: 7 ... 
sequence: {0, 1, 2, 0, 3, 4, 5, 2, 6, 7, 8, 9, 10, 11, 12, 13, 14, 15, 1, 16, 17, 18, 19, 20, 21, 22, 23, 24}
Inserting element 3 at index: 4 ... 
sequence: {0, 1, 2, 0, 3, 3, 4, 5, 2, 6, 7, 8, 9, 10, 11, 12, 13, 14, 15, 1, 16, 17, 18, 19, 20, 21, 22, 23, 24}
Inserting element 4 at index: 7 ... 
sequence: {0, 1, 2, 0, 3, 3, 4, 4, 5, 2, 6, 7, 8, 9, 10, 11, 12, 13, 14, 15, 1, 16, 17, 18, 19, 20, 21, 22, 23, 24}
Inserting element 30 at index 30 which is the end of the array
sequence: {0, 1, 2, 0, 3, 3, 4, 4, 5, 2, 6, 7, 8, 9, 10, 11, 12, 13, 14, 15, 1, 16, 17, 18, 19, 20, 21, 22, 23, 24, 30}

---- Testing insert_front ____
sequence: {}
Inserting element 0 at the front of the array ... 
sequence: {0}
Inserting element 1 at the front of the array ... 
sequence: {1, 0}
Inserting element 2 at the front of the array ... 
sequence: {2, 1, 0}
Inserting element 3 at the front of the array ... 
sequence: {3, 2, 1, 0}
Inserting element 4 at the front of the array ... 
sequence: {4, 3, 2, 1, 0}
Inserting element 5 at the front of the array ... 
sequence: {5, 4, 3, 2, 1, 0}
Inserting element 6 at the front of the array ... 
sequence: {6, 5, 4, 3, 2, 1, 0}
Inserting element 7 at the front of the array ... 
sequence: {7, 6, 5, 4, 3, 2, 1, 0}
Inserting element 8 at the front of the array ... 
sequence: {8, 7, 6, 5, 4, 3, 2, 1, 0}
Inserting element 9 at the front of the array ... 
sequence: {9, 8, 7, 6, 5, 4, 3, 2, 1, 0}
The sequence was cleared. 
sequence: {}
Inserted ten elements: 
The front element is: 9
sequence: {9, 8, 7, 6, 5, 4, 3, 2, 1, 0}

---- Testing find AND search ----
Looking for element 0
Found at index 9
Looking for element 1
Found at index 8
Looking for element 2
Found at index 7
Looking for element 3
Found at index 6
Looking for element 4
Found at index 5
Looking for element 5
Found at index 4
Looking for element 6
Found at index 3
Looking for element 7
Found at index 2
Looking for element 8
Found at index 1
Looking for element 9
Found at index 0
Looking for element 10
Element 10 not found. Find returns -1
Looking for element 11
Element 11 not found. Find returns -1
Looking for element 12
Element 12 not found. Find returns -1
Looking for element 13
Element 13 not found. Find returns -1

---- Testing sort  ----
The sorted sequence is: 
{0, 1, 2, 3, 4, 5, 6, 7, 8, 9}
SUCCESS!
