Deque created with capacity: 10 size: 0 front: 5 5 back: 5 4
Initially created: F: [5] [ 5] B: [5] [ 4] ... { }

------ Alternating insertions -------------

After insert_front(0): F: [5] [ 4] B: [5] [ 4] ... {0 }
After insert_back(1): F: [5] [ 4] B: [5] [ 5] ... {0 1 }
After insert_front(2): F: [5] [ 3] B: [5] [ 5] ... {2 0 1 }
After insert_back(3): F: [5] [ 3] B: [5] [ 6] ... {2 0 1 3 }
After insert_front(4): F: [5] [ 2] B: [5] [ 6] ... {4 2 0 1 3 }
After insert_back(5): F: [5] [ 2] B: [5] [ 7] ... {4 2 0 1 3 5 }
After insert_front(6): F: [5] [ 1] B: [5] [ 7] ... {6 4 2 0 1 3 5 }
After insert_back(7): F: [5] [ 1] B: [5] [ 8] ... {6 4 2 0 1 3 5 7 }
After insert_front(8): F: [5] [ 0] B: [5] [ 8] ... {8 6 4 2 0 1 3 5 7 }
After insert_back(9): F: [5] [ 0] B: [5] [ 9] ... {8 6 4 2 0 1 3 5 7 9 }
After insert_front(10): F: [4] [ 9] B: [5] [ 9] ... {10 8 6 4 2 0 1 3 5 7 9 }
After insert_back(11): F: [4] [ 9] B: [6] [ 0] ... {10 8  6  4  2  0  1  3  5  7  9  11 }
After insert_front(12): F: [4] [ 8] B: [6] [ 0] ... {12 10 8  6  4  2  0  1  3  5  7  9  11 }
After insert_back(13): F: [4] [ 8] B: [6] [ 1] ... {12 10 8  6  4  2  0  1  3  5  7  9  11 13 }
After insert_front(14): F: [4] [ 7] B: [6] [ 1] ... {14 12 10 8  6  4  2  0  1  3  5  7  9  11 13 }
After insert_back(15): F: [4] [ 7] B: [6] [ 2] ... {14 12 10 8  6  4  2  0  1  3  5  7  9  11 13 15 }
After insert_front(16): F: [4] [ 6] B: [6] [ 2] ... {16 14 12 10 8  6  4  2  0  1  3  5  7  9  11 13 15 }
After insert_back(17): F: [4] [ 6] B: [6] [ 3] ... {16 14 12 10 8  6  4  2  0  1  3  5  7  9  11 13 15 17 }
After insert_front(18): F: [4] [ 5] B: [6] [ 3] ... {18 16 14 12 10 8  6  4  2  0  1  3  5  7  9  11 13 15 17 }
After insert_back(19): F: [4] [ 5] B: [6] [ 4] ... {18 16 14 12 10 8  6  4  2  0  1  3  5  7  9  11 13 15 17 19 }
After insert_front(20): F: [4] [ 4] B: [6] [ 4] ... {20 18 16 14 12 10 8  6  4  2  0  1  3  5  7  9  11 13 15 17 19 }
After insert_back(21): F: [4] [ 4] B: [6] [ 5] ... {20 18 16 14 12 10 8  6  4  2  0  1  3  5  7  9  11 13 15 17 19 21 }
After insert_front(22): F: [4] [ 3] B: [6] [ 5] ... {22 20 18 16 14 12 10 8  6  4  2  0  1  3  5  7  9  11 13 15 17 19 21 }
After insert_back(23): F: [4] [ 3] B: [6] [ 6] ... {22 20 18 16 14 12 10 8  6  4  2  0  1  3  5  7  9  11 13 15 17 19 21 23 }
After insert_front(24): F: [4] [ 2] B: [6] [ 6] ... {24 22 20 18 16 14 12 10 8  6  4  2  0  1  3  5  7  9  11 13 15 17 19 21 23 }
After insert_back(25): F: [4] [ 2] B: [6] [ 7] ... {24 22 20 18 16 14 12 10 8  6  4  2  0  1  3  5  7  9  11 13 15 17 19 21 23 25 }
After insert_front(26): F: [4] [ 1] B: [6] [ 7] ... {26 24 22 20 18 16 14 12 10 8  6  4  2  0  1  3  5  7  9  11 13 15 17 19 21 23 25 }
After insert_back(27): F: [4] [ 1] B: [6] [ 8] ... {26 24 22 20 18 16 14 12 10 8  6  4  2  0  1  3  5  7  9  11 13 15 17 19 21 23 25 27 }
After insert_front(28): F: [4] [ 0] B: [6] [ 8] ... {28 26 24 22 20 18 16 14 12 10 8  6  4  2  0  1  3  5  7  9  11 13 15 17 19 21 23 25 27 }
After insert_back(29): F: [4] [ 0] B: [6] [ 9] ... {28 26 24 22 20 18 16 14 12 10 8  6  4  2  0  1  3  5  7  9  11 13 15 17 19 21 23 25 27 29 }
After remove_front of 28: F: [4] [ 1] B: [6] [ 9] ... {26 24 22 20 18 16 14 12 10 8  6  4  2  0  1  3  5  7  9  11 13 15 17 19 21 23 25 27 29 }
After remove_back of 29: F: [4] [ 1] B: [6] [ 8] ... {26 24 22 20 18 16 14 12 10 8  6  4  2  0  1  3  5  7  9  11 13 15 17 19 21 23 25 27 }
After remove_front of 26: F: [4] [ 2] B: [6] [ 8] ... {24 22 20 18 16 14 12 10 8  6  4  2  0  1  3  5  7  9  11 13 15 17 19 21 23 25 27 }
After remove_back of 27: F: [4] [ 2] B: [6] [ 7] ... {24 22 20 18 16 14 12 10 8  6  4  2  0  1  3  5  7  9  11 13 15 17 19 21 23 25 }
After remove_front of 24: F: [4] [ 3] B: [6] [ 7] ... {22 20 18 16 14 12 10 8  6  4  2  0  1  3  5  7  9  11 13 15 17 19 21 23 25 }
After remove_back of 25: F: [4] [ 3] B: [6] [ 6] ... {22 20 18 16 14 12 10 8  6  4  2  0  1  3  5  7  9  11 13 15 17 19 21 23 }
After remove_front of 22: F: [4] [ 4] B: [6] [ 6] ... {20 18 16 14 12 10 8  6  4  2  0  1  3  5  7  9  11 13 15 17 19 21 23 }
After remove_back of 23: F: [4] [ 4] B: [6] [ 5] ... {20 18 16 14 12 10 8  6  4  2  0  1  3  5  7  9  11 13 15 17 19 21 }
After remove_front of 20: F: [4] [ 5] B: [6] [ 5] ... {18 16 14 12 10 8  6  4  2  0  1  3  5  7  9  11 13 15 17 19 21 }
After remove_back of 21: F: [4] [ 5] B: [6] [ 4] ... {18 16 14 12 10 8  6  4  2  0  1  3  5  7  9  11 13 15 17 19 }
After remove_front of 18: F: [4] [ 6] B: [6] [ 4] ... {16 14 12 10 8  6  4  2  0  1  3  5  7  9  11 13 15 17 19 }
After remove_back of 19: F: [4] [ 6] B: [6] [ 3] ... {16 14 12 10 8  6  4  2  0  1  3  5  7  9  11 13 15 17 }
After remove_front of 16: F: [4] [ 7] B: [6] [ 3] ... {14 12 10 8  6  4  2  0  1  3  5  7  9  11 13 15 17 }
After remove_back of 17: F: [4] [ 7] B: [6] [ 2] ... {14 12 10 8  6  4  2  0  1  3  5  7  9  11 13 15 }
After remove_front of 14: F: [4] [ 8] B: [6] [ 2] ... {12 10 8  6  4  2  0  1  3  5  7  9  11 13 15 }
After remove_back of 15: F: [4] [ 8] B: [6] [ 1] ... {12 10 8  6  4  2  0  1  3  5  7  9  11 13 }
After remove_front of 12: F: [4] [ 9] B: [6] [ 1] ... {10 8  6  4  2  0  1  3  5  7  9  11 13 }
After remove_back of 13: F: [4] [ 9] B: [6] [ 0] ... {10 8  6  4  2  0  1  3  5  7  9  11 }
After remove_front of 10: F: [5] [ 0] B: [6] [ 0] ... {8 6 4 2 0 1 3 5 7 9 11 }
After remove_back of 11: F: [5] [ 0] B: [5] [ 9] ... {8 6 4 2 0 1 3 5 7 9 }
After remove_front of 8: F: [5] [ 1] B: [5] [ 9] ... {6 4 2 0 1 3 5 7 9 }
After remove_back of 9: F: [5] [ 1] B: [5] [ 8] ... {6 4 2 0 1 3 5 7 }
After remove_front of 6: F: [5] [ 2] B: [5] [ 8] ... {4 2 0 1 3 5 7 }
After remove_back of 7: F: [5] [ 2] B: [5] [ 7] ... {4 2 0 1 3 5 }
After remove_front of 4: F: [5] [ 3] B: [5] [ 7] ... {2 0 1 3 5 }
After remove_back of 5: F: [5] [ 3] B: [5] [ 6] ... {2 0 1 3 }
After remove_front of 2: F: [5] [ 4] B: [5] [ 6] ... {0 1 3 }
After remove_back of 3: F: [5] [ 4] B: [5] [ 5] ... {0 1 }
After remove_front of 0: F: [5] [ 5] B: [5] [ 5] ... {1 }
After remove_back of 1: F: [5] [ 5] B: [5] [ 4] ... { }


------ Inserting at the back -----

Deque created with capacity: 10 size: 0 front: 5 5 back: 5 4
After insert_back(0): F: [5] [ 5] B: [5] [ 5] ... {0 }
After insert_back(1): F: [5] [ 5] B: [5] [ 6] ... {0 1 }
After insert_back(2): F: [5] [ 5] B: [5] [ 7] ... {0 1 2 }
After insert_back(3): F: [5] [ 5] B: [5] [ 8] ... {0 1 2 3 }
After insert_back(4): F: [5] [ 5] B: [5] [ 9] ... {0 1 2 3 4 }
After insert_back(5): F: [5] [ 5] B: [6] [ 0] ... {0 1 2 3 4 5 }
After insert_back(6): F: [5] [ 5] B: [6] [ 1] ... {0 1 2 3 4 5 6 }
After insert_back(7): F: [5] [ 5] B: [6] [ 2] ... {0 1 2 3 4 5 6 7 }
After insert_back(8): F: [5] [ 5] B: [6] [ 3] ... {0 1 2 3 4 5 6 7 8 }
After insert_back(9): F: [5] [ 5] B: [6] [ 4] ... {0 1 2 3 4 5 6 7 8 9 }
After insert_back(10): F: [5] [ 5] B: [6] [ 5] ... {0 1 2 3 4 5 6 7 8 9 10 }
After insert_back(11): F: [5] [ 5] B: [6] [ 6] ... {0 1 2 3 4 5 6 7 8 9 10 11 }
After insert_back(12): F: [5] [ 5] B: [6] [ 7] ... {0 1 2 3 4 5 6 7 8 9 10 11 12 }
After insert_back(13): F: [5] [ 5] B: [6] [ 8] ... {0 1 2 3 4 5 6 7 8 9 10 11 12 13 }
After insert_back(14): F: [5] [ 5] B: [6] [ 9] ... {0 1 2 3 4 5 6 7 8 9 10 11 12 13 14 }
After insert_back(15): F: [5] [ 5] B: [7] [ 0] ... {0 1 2 3 4 5  6  7  8  9  10  11  12  13  14  15 }
After insert_back(16): F: [5] [ 5] B: [7] [ 1] ... {0 1 2 3 4 5  6  7  8  9  10  11  12  13  14  15 16 }
After insert_back(17): F: [5] [ 5] B: [7] [ 2] ... {0 1 2 3 4 5  6  7  8  9  10  11  12  13  14  15 16 17 }
After insert_back(18): F: [5] [ 5] B: [7] [ 3] ... {0 1 2 3 4 5  6  7  8  9  10  11  12  13  14  15 16 17 18 }
After insert_back(19): F: [5] [ 5] B: [7] [ 4] ... {0 1 2 3 4 5  6  7  8  9  10  11  12  13  14  15 16 17 18 19 }
After insert_back(20): F: [5] [ 5] B: [7] [ 5] ... {0 1 2 3 4 5  6  7  8  9  10  11  12  13  14  15 16 17 18 19 20 }
After insert_back(21): F: [5] [ 5] B: [7] [ 6] ... {0 1 2 3 4 5  6  7  8  9  10  11  12  13  14  15 16 17 18 19 20 21 }
After insert_back(22): F: [5] [ 5] B: [7] [ 7] ... {0 1 2 3 4 5  6  7  8  9  10  11  12  13  14  15 16 17 18 19 20 21 22 }
After insert_back(23): F: [5] [ 5] B: [7] [ 8] ... {0 1 2 3 4 5  6  7  8  9  10  11  12  13  14  15 16 17 18 19 20 21 22 23 }
After insert_back(24): F: [5] [ 5] B: [7] [ 9] ... {0 1 2 3 4 5  6  7  8  9  10  11  12  13  14  15 16 17 18 19 20 21 22 23 24 }
After insert_back(25): F: [5] [ 5] B: [8] [ 0] ... {0 1 2 3 4 5  6  7  8  9  10  11  12  13  14  15  16  17  18  19  20  21  22  23  24  25 }
After insert_back(26): F: [5] [ 5] B: [8] [ 1] ... {0 1 2 3 4 5  6  7  8  9  10  11  12  13  14  15  16  17  18  19  20  21  22  23  24  25 26 }
After insert_back(27): F: [5] [ 5] B: [8] [ 2] ... {0 1 2 3 4 5  6  7  8  9  10  11  12  13  14  15  16  17  18  19  20  21  22  23  24  25 26 27 }
After insert_back(28): F: [5] [ 5] B: [8] [ 3] ... {0 1 2 3 4 5  6  7  8  9  10  11  12  13  14  15  16  17  18  19  20  21  22  23  24  25 26 27 28 }
After insert_back(29): F: [5] [ 5] B: [8] [ 4] ... {0 1 2 3 4 5  6  7  8  9  10  11  12  13  14  15  16  17  18  19  20  21  22  23  24  25 26 27 28 29 }
After insert_back(30): F: [5] [ 5] B: [8] [ 5] ... {0 1 2 3 4 5  6  7  8  9  10  11  12  13  14  15  16  17  18  19  20  21  22  23  24  25 26 27 28 29 30 }
After insert_back(31): F: [5] [ 5] B: [8] [ 6] ... {0 1 2 3 4 5  6  7  8  9  10  11  12  13  14  15  16  17  18  19  20  21  22  23  24  25 26 27 28 29 30 31 }
After insert_back(32): F: [5] [ 5] B: [8] [ 7] ... {0 1 2 3 4 5  6  7  8  9  10  11  12  13  14  15  16  17  18  19  20  21  22  23  24  25 26 27 28 29 30 31 32 }
After insert_back(33): F: [5] [ 5] B: [8] [ 8] ... {0 1 2 3 4 5  6  7  8  9  10  11  12  13  14  15  16  17  18  19  20  21  22  23  24  25 26 27 28 29 30 31 32 33 }
After insert_back(34): F: [5] [ 5] B: [8] [ 9] ... {0 1 2 3 4 5  6  7  8  9  10  11  12  13  14  15  16  17  18  19  20  21  22  23  24  25 26 27 28 29 30 31 32 33 34 }
After insert_back(35): F: [5] [ 5] B: [9] [ 0] ... {0 1 2 3 4 5  6  7  8  9  10  11  12  13  14  15  16  17  18  19  20  21  22  23  24  25  26  27  28  29  30  31  32  33  34  35 }
After insert_back(36): F: [5] [ 5] B: [9] [ 1] ... {0 1 2 3 4 5  6  7  8  9  10  11  12  13  14  15  16  17  18  19  20  21  22  23  24  25  26  27  28  29  30  31  32  33  34  35 36 }
After insert_back(37): F: [5] [ 5] B: [9] [ 2] ... {0 1 2 3 4 5  6  7  8  9  10  11  12  13  14  15  16  17  18  19  20  21  22  23  24  25  26  27  28  29  30  31  32  33  34  35 36 37 }
After insert_back(38): F: [5] [ 5] B: [9] [ 3] ... {0 1 2 3 4 5  6  7  8  9  10  11  12  13  14  15  16  17  18  19  20  21  22  23  24  25  26  27  28  29  30  31  32  33  34  35 36 37 38 }
After insert_back(39): F: [5] [ 5] B: [9] [ 4] ... {0 1 2 3 4 5  6  7  8  9  10  11  12  13  14  15  16  17  18  19  20  21  22  23  24  25  26  27  28  29  30  31  32  33  34  35 36 37 38 39 }
After insert_back(40): F: [5] [ 5] B: [9] [ 5] ... {0 1 2 3 4 5  6  7  8  9  10  11  12  13  14  15  16  17  18  19  20  21  22  23  24  25  26  27  28  29  30  31  32  33  34  35 36 37 38 39 40 }
After insert_back(41): F: [5] [ 5] B: [9] [ 6] ... {0 1 2 3 4 5  6  7  8  9  10  11  12  13  14  15  16  17  18  19  20  21  22  23  24  25  26  27  28  29  30  31  32  33  34  35 36 37 38 39 40 41 }
After insert_back(42): F: [5] [ 5] B: [9] [ 7] ... {0 1 2 3 4 5  6  7  8  9  10  11  12  13  14  15  16  17  18  19  20  21  22  23  24  25  26  27  28  29  30  31  32  33  34  35 36 37 38 39 40 41 42 }
After insert_back(43): F: [5] [ 5] B: [9] [ 8] ... {0 1 2 3 4 5  6  7  8  9  10  11  12  13  14  15  16  17  18  19  20  21  22  23  24  25  26  27  28  29  30  31  32  33  34  35 36 37 38 39 40 41 42 43 }
After insert_back(44): F: [5] [ 5] B: [9] [ 9] ... {0 1 2 3 4 5  6  7  8  9  10  11  12  13  14  15  16  17  18  19  20  21  22  23  24  25  26  27  28  29  30  31  32  33  34  35 36 37 38 39 40 41 42 43 44 }
[0] [ 9]After insert_back(45): F: [5] [ 5] B: [0] [ 0] ... {0 1 2 3 4 5  6  7  8  9  10  11  12  13  14  15  16  17  18  19  20  21  22  23  24  25  26  27  28  29  30  31  32  33  34  35  36  37  38  39  40  41  42  43  44  45 }
After insert_back(46): F: [5] [ 5] B: [0] [ 1] ... {0 1 2 3 4 5  6  7  8  9  10  11  12  13  14  15  16  17  18  19  20  21  22  23  24  25  26  27  28  29  30  31  32  33  34  35  36  37  38  39  40  41  42  43  44  45 46 }
After insert_back(47): F: [5] [ 5] B: [0] [ 2] ... {0 1 2 3 4 5  6  7  8  9  10  11  12  13  14  15  16  17  18  19  20  21  22  23  24  25  26  27  28  29  30  31  32  33  34  35  36  37  38  39  40  41  42  43  44  45 46 47 }
After insert_back(48): F: [5] [ 5] B: [0] [ 3] ... {0 1 2 3 4 5  6  7  8  9  10  11  12  13  14  15  16  17  18  19  20  21  22  23  24  25  26  27  28  29  30  31  32  33  34  35  36  37  38  39  40  41  42  43  44  45 46 47 48 }
After insert_back(49): F: [5] [ 5] B: [0] [ 4] ... {0 1 2 3 4 5  6  7  8  9  10  11  12  13  14  15  16  17  18  19  20  21  22  23  24  25  26  27  28  29  30  31  32  33  34  35  36  37  38  39  40  41  42  43  44  45 46 47 48 49 }
After insert_back(50): F: [5] [ 5] B: [0] [ 5] ... {0 1 2 3 4 5  6  7  8  9  10  11  12  13  14  15  16  17  18  19  20  21  22  23  24  25  26  27  28  29  30  31  32  33  34  35  36  37  38  39  40  41  42  43  44  45 46 47 48 49 50 }
After insert_back(51): F: [5] [ 5] B: [0] [ 6] ... {0 1 2 3 4 5  6  7  8  9  10  11  12  13  14  15  16  17  18  19  20  21  22  23  24  25  26  27  28  29  30  31  32  33  34  35  36  37  38  39  40  41  42  43  44  45 46 47 48 49 50 51 }
After insert_back(52): F: [5] [ 5] B: [0] [ 7] ... {0 1 2 3 4 5  6  7  8  9  10  11  12  13  14  15  16  17  18  19  20  21  22  23  24  25  26  27  28  29  30  31  32  33  34  35  36  37  38  39  40  41  42  43  44  45 46 47 48 49 50 51 52 }
After insert_back(53): F: [5] [ 5] B: [0] [ 8] ... {0 1 2 3 4 5  6  7  8  9  10  11  12  13  14  15  16  17  18  19  20  21  22  23  24  25  26  27  28  29  30  31  32  33  34  35  36  37  38  39  40  41  42  43  44  45 46 47 48 49 50 51 52 53 }
After insert_back(54): F: [5] [ 5] B: [0] [ 9] ... {0 1 2 3 4 5  6  7  8  9  10  11  12  13  14  15  16  17  18  19  20  21  22  23  24  25  26  27  28  29  30  31  32  33  34  35  36  37  38  39  40  41  42  43  44  45 46 47 48 49 50 51 52 53 54 }
After insert_back(55): F: [5] [ 5] B: [1] [ 0] ... {0 1 2 3 4 5  6  7  8  9  10  11  12  13  14  15  16  17  18  19  20  21  22  23  24  25  26  27  28  29  30  31  32  33  34  35  36  37  38  39  40  41  42  43  44  45  46  47  48  49  50  51  52  53  54  55 }
After insert_back(56): F: [5] [ 5] B: [1] [ 1] ... {0 1 2 3 4 5  6  7  8  9  10  11  12  13  14  15  16  17  18  19  20  21  22  23  24  25  26  27  28  29  30  31  32  33  34  35  36  37  38  39  40  41  42  43  44  45  46  47  48  49  50  51  52  53  54  55 56 }
After insert_back(57): F: [5] [ 5] B: [1] [ 2] ... {0 1 2 3 4 5  6  7  8  9  10  11  12  13  14  15  16  17  18  19  20  21  22  23  24  25  26  27  28  29  30  31  32  33  34  35  36  37  38  39  40  41  42  43  44  45  46  47  48  49  50  51  52  53  54  55 56 57 }
After insert_back(58): F: [5] [ 5] B: [1] [ 3] ... {0 1 2 3 4 5  6  7  8  9  10  11  12  13  14  15  16  17  18  19  20  21  22  23  24  25  26  27  28  29  30  31  32  33  34  35  36  37  38  39  40  41  42  43  44  45  46  47  48  49  50  51  52  53  54  55 56 57 58 }
After insert_back(59): F: [5] [ 5] B: [1] [ 4] ... {0 1 2 3 4 5  6  7  8  9  10  11  12  13  14  15  16  17  18  19  20  21  22  23  24  25  26  27  28  29  30  31  32  33  34  35  36  37  38  39  40  41  42  43  44  45  46  47  48  49  50  51  52  53  54  55 56 57 58 59 }
After insert_back(60): F: [5] [ 5] B: [1] [ 5] ... {0 1 2 3 4 5  6  7  8  9  10  11  12  13  14  15  16  17  18  19  20  21  22  23  24  25  26  27  28  29  30  31  32  33  34  35  36  37  38  39  40  41  42  43  44  45  46  47  48  49  50  51  52  53  54  55 56 57 58 59 60 }
After insert_back(61): F: [5] [ 5] B: [1] [ 6] ... {0 1 2 3 4 5  6  7  8  9  10  11  12  13  14  15  16  17  18  19  20  21  22  23  24  25  26  27  28  29  30  31  32  33  34  35  36  37  38  39  40  41  42  43  44  45  46  47  48  49  50  51  52  53  54  55 56 57 58 59 60 61 }
After insert_back(62): F: [5] [ 5] B: [1] [ 7] ... {0 1 2 3 4 5  6  7  8  9  10  11  12  13  14  15  16  17  18  19  20  21  22  23  24  25  26  27  28  29  30  31  32  33  34  35  36  37  38  39  40  41  42  43  44  45  46  47  48  49  50  51  52  53  54  55 56 57 58 59 60 61 62 }
After insert_back(63): F: [5] [ 5] B: [1] [ 8] ... {0 1 2 3 4 5  6  7  8  9  10  11  12  13  14  15  16  17  18  19  20  21  22  23  24  25  26  27  28  29  30  31  32  33  34  35  36  37  38  39  40  41  42  43  44  45  46  47  48  49  50  51  52  53  54  55 56 57 58 59 60 61 62 63 }
After insert_back(64): F: [5] [ 5] B: [1] [ 9] ... {0 1 2 3 4 5  6  7  8  9  10  11  12  13  14  15  16  17  18  19  20  21  22  23  24  25  26  27  28  29  30  31  32  33  34  35  36  37  38  39  40  41  42  43  44  45  46  47  48  49  50  51  52  53  54  55 56 57 58 59 60 61 62 63 64 }
After insert_back(65): F: [5] [ 5] B: [2] [ 0] ... {0 1 2 3 4 5  6  7  8  9  10  11  12  13  14  15  16  17  18  19  20  21  22  23  24  25  26  27  28  29  30  31  32  33  34  35  36  37  38  39  40  41  42  43  44  45  46  47  48  49  50  51  52  53  54  55  56  57  58  59  60  61  62  63  64  65 }
After insert_back(66): F: [5] [ 5] B: [2] [ 1] ... {0 1 2 3 4 5  6  7  8  9  10  11  12  13  14  15  16  17  18  19  20  21  22  23  24  25  26  27  28  29  30  31  32  33  34  35  36  37  38  39  40  41  42  43  44  45  46  47  48  49  50  51  52  53  54  55  56  57  58  59  60  61  62  63  64  65 66 }
After insert_back(67): F: [5] [ 5] B: [2] [ 2] ... {0 1 2 3 4 5  6  7  8  9  10  11  12  13  14  15  16  17  18  19  20  21  22  23  24  25  26  27  28  29  30  31  32  33  34  35  36  37  38  39  40  41  42  43  44  45  46  47  48  49  50  51  52  53  54  55  56  57  58  59  60  61  62  63  64  65 66 67 }
After insert_back(68): F: [5] [ 5] B: [2] [ 3] ... {0 1 2 3 4 5  6  7  8  9  10  11  12  13  14  15  16  17  18  19  20  21  22  23  24  25  26  27  28  29  30  31  32  33  34  35  36  37  38  39  40  41  42  43  44  45  46  47  48  49  50  51  52  53  54  55  56  57  58  59  60  61  62  63  64  65 66 67 68 }
After insert_back(69): F: [5] [ 5] B: [2] [ 4] ... {0 1 2 3 4 5  6  7  8  9  10  11  12  13  14  15  16  17  18  19  20  21  22  23  24  25  26  27  28  29  30  31  32  33  34  35  36  37  38  39  40  41  42  43  44  45  46  47  48  49  50  51  52  53  54  55  56  57  58  59  60  61  62  63  64  65 66 67 68 69 }
After insert_back(70): F: [5] [ 5] B: [2] [ 5] ... {0 1 2 3 4 5  6  7  8  9  10  11  12  13  14  15  16  17  18  19  20  21  22  23  24  25  26  27  28  29  30  31  32  33  34  35  36  37  38  39  40  41  42  43  44  45  46  47  48  49  50  51  52  53  54  55  56  57  58  59  60  61  62  63  64  65 66 67 68 69 70 }
After insert_back(71): F: [5] [ 5] B: [2] [ 6] ... {0 1 2 3 4 5  6  7  8  9  10  11  12  13  14  15  16  17  18  19  20  21  22  23  24  25  26  27  28  29  30  31  32  33  34  35  36  37  38  39  40  41  42  43  44  45  46  47  48  49  50  51  52  53  54  55  56  57  58  59  60  61  62  63  64  65 66 67 68 69 70 71 }
After insert_back(72): F: [5] [ 5] B: [2] [ 7] ... {0 1 2 3 4 5  6  7  8  9  10  11  12  13  14  15  16  17  18  19  20  21  22  23  24  25  26  27  28  29  30  31  32  33  34  35  36  37  38  39  40  41  42  43  44  45  46  47  48  49  50  51  52  53  54  55  56  57  58  59  60  61  62  63  64  65 66 67 68 69 70 71 72 }
After insert_back(73): F: [5] [ 5] B: [2] [ 8] ... {0 1 2 3 4 5  6  7  8  9  10  11  12  13  14  15  16  17  18  19  20  21  22  23  24  25  26  27  28  29  30  31  32  33  34  35  36  37  38  39  40  41  42  43  44  45  46  47  48  49  50  51  52  53  54  55  56  57  58  59  60  61  62  63  64  65 66 67 68 69 70 71 72 73 }
After insert_back(74): F: [5] [ 5] B: [2] [ 9] ... {0 1 2 3 4 5  6  7  8  9  10  11  12  13  14  15  16  17  18  19  20  21  22  23  24  25  26  27  28  29  30  31  32  33  34  35  36  37  38  39  40  41  42  43  44  45  46  47  48  49  50  51  52  53  54  55  56  57  58  59  60  61  62  63  64  65 66 67 68 69 70 71 72 73 74 }
After insert_back(75): F: [5] [ 5] B: [3] [ 0] ... {0 1 2 3 4 5  6  7  8  9  10  11  12  13  14  15  16  17  18  19  20  21  22  23  24  25  26  27  28  29  30  31  32  33  34  35  36  37  38  39  40  41  42  43  44  45  46  47  48  49  50  51  52  53  54  55  56  57  58  59  60  61  62  63  64  65  66  67  68  69  70  71  72  73  74  75 }
After insert_back(76): F: [5] [ 5] B: [3] [ 1] ... {0 1 2 3 4 5  6  7  8  9  10  11  12  13  14  15  16  17  18  19  20  21  22  23  24  25  26  27  28  29  30  31  32  33  34  35  36  37  38  39  40  41  42  43  44  45  46  47  48  49  50  51  52  53  54  55  56  57  58  59  60  61  62  63  64  65  66  67  68  69  70  71  72  73  74  75 76 }
After insert_back(77): F: [5] [ 5] B: [3] [ 2] ... {0 1 2 3 4 5  6  7  8  9  10  11  12  13  14  15  16  17  18  19  20  21  22  23  24  25  26  27  28  29  30  31  32  33  34  35  36  37  38  39  40  41  42  43  44  45  46  47  48  49  50  51  52  53  54  55  56  57  58  59  60  61  62  63  64  65  66  67  68  69  70  71  72  73  74  75 76 77 }
After insert_back(78): F: [5] [ 5] B: [3] [ 3] ... {0 1 2 3 4 5  6  7  8  9  10  11  12  13  14  15  16  17  18  19  20  21  22  23  24  25  26  27  28  29  30  31  32  33  34  35  36  37  38  39  40  41  42  43  44  45  46  47  48  49  50  51  52  53  54  55  56  57  58  59  60  61  62  63  64  65  66  67  68  69  70  71  72  73  74  75 76 77 78 }
After insert_back(79): F: [5] [ 5] B: [3] [ 4] ... {0 1 2 3 4 5  6  7  8  9  10  11  12  13  14  15  16  17  18  19  20  21  22  23  24  25  26  27  28  29  30  31  32  33  34  35  36  37  38  39  40  41  42  43  44  45  46  47  48  49  50  51  52  53  54  55  56  57  58  59  60  61  62  63  64  65  66  67  68  69  70  71  72  73  74  75 76 77 78 79 }
After insert_back(80): F: [5] [ 5] B: [3] [ 5] ... {0 1 2 3 4 5  6  7  8  9  10  11  12  13  14  15  16  17  18  19  20  21  22  23  24  25  26  27  28  29  30  31  32  33  34  35  36  37  38  39  40  41  42  43  44  45  46  47  48  49  50  51  52  53  54  55  56  57  58  59  60  61  62  63  64  65  66  67  68  69  70  71  72  73  74  75 76 77 78 79 80 }
After insert_back(81): F: [5] [ 5] B: [3] [ 6] ... {0 1 2 3 4 5  6  7  8  9  10  11  12  13  14  15  16  17  18  19  20  21  22  23  24  25  26  27  28  29  30  31  32  33  34  35  36  37  38  39  40  41  42  43  44  45  46  47  48  49  50  51  52  53  54  55  56  57  58  59  60  61  62  63  64  65  66  67  68  69  70  71  72  73  74  75 76 77 78 79 80 81 }
After insert_back(82): F: [5] [ 5] B: [3] [ 7] ... {0 1 2 3 4 5  6  7  8  9  10  11  12  13  14  15  16  17  18  19  20  21  22  23  24  25  26  27  28  29  30  31  32  33  34  35  36  37  38  39  40  41  42  43  44  45  46  47  48  49  50  51  52  53  54  55  56  57  58  59  60  61  62  63  64  65  66  67  68  69  70  71  72  73  74  75 76 77 78 79 80 81 82 }
After insert_back(83): F: [5] [ 5] B: [3] [ 8] ... {0 1 2 3 4 5  6  7  8  9  10  11  12  13  14  15  16  17  18  19  20  21  22  23  24  25  26  27  28  29  30  31  32  33  34  35  36  37  38  39  40  41  42  43  44  45  46  47  48  49  50  51  52  53  54  55  56  57  58  59  60  61  62  63  64  65  66  67  68  69  70  71  72  73  74  75 76 77 78 79 80 81 82 83 }
After insert_back(84): F: [5] [ 5] B: [3] [ 9] ... {0 1 2 3 4 5  6  7  8  9  10  11  12  13  14  15  16  17  18  19  20  21  22  23  24  25  26  27  28  29  30  31  32  33  34  35  36  37  38  39  40  41  42  43  44  45  46  47  48  49  50  51  52  53  54  55  56  57  58  59  60  61  62  63  64  65  66  67  68  69  70  71  72  73  74  75 76 77 78 79 80 81 82 83 84 }
After insert_back(85): F: [5] [ 5] B: [4] [ 0] ... {0 1 2 3 4 5  6  7  8  9  10  11  12  13  14  15  16  17  18  19  20  21  22  23  24  25  26  27  28  29  30  31  32  33  34  35  36  37  38  39  40  41  42  43  44  45  46  47  48  49  50  51  52  53  54  55  56  57  58  59  60  61  62  63  64  65  66  67  68  69  70  71  72  73  74  75  76  77  78  79  80  81  82  83  84  85 }
After insert_back(86): F: [5] [ 5] B: [4] [ 1] ... {0 1 2 3 4 5  6  7  8  9  10  11  12  13  14  15  16  17  18  19  20  21  22  23  24  25  26  27  28  29  30  31  32  33  34  35  36  37  38  39  40  41  42  43  44  45  46  47  48  49  50  51  52  53  54  55  56  57  58  59  60  61  62  63  64  65  66  67  68  69  70  71  72  73  74  75  76  77  78  79  80  81  82  83  84  85 86 }
After insert_back(87): F: [5] [ 5] B: [4] [ 2] ... {0 1 2 3 4 5  6  7  8  9  10  11  12  13  14  15  16  17  18  19  20  21  22  23  24  25  26  27  28  29  30  31  32  33  34  35  36  37  38  39  40  41  42  43  44  45  46  47  48  49  50  51  52  53  54  55  56  57  58  59  60  61  62  63  64  65  66  67  68  69  70  71  72  73  74  75  76  77  78  79  80  81  82  83  84  85 86 87 }
After insert_back(88): F: [5] [ 5] B: [4] [ 3] ... {0 1 2 3 4 5  6  7  8  9  10  11  12  13  14  15  16  17  18  19  20  21  22  23  24  25  26  27  28  29  30  31  32  33  34  35  36  37  38  39  40  41  42  43  44  45  46  47  48  49  50  51  52  53  54  55  56  57  58  59  60  61  62  63  64  65  66  67  68  69  70  71  72  73  74  75  76  77  78  79  80  81  82  83  84  85 86 87 88 }
After insert_back(89): F: [5] [ 5] B: [4] [ 4] ... {0 1 2 3 4 5  6  7  8  9  10  11  12  13  14  15  16  17  18  19  20  21  22  23  24  25  26  27  28  29  30  31  32  33  34  35  36  37  38  39  40  41  42  43  44  45  46  47  48  49  50  51  52  53  54  55  56  57  58  59  60  61  62  63  64  65  66  67  68  69  70  71  72  73  74  75  76  77  78  79  80  81  82  83  84  85 86 87 88 89 }
After insert_back(90): F: [5] [ 5] B: [4] [ 5] ... {0 1 2 3 4 5  6  7  8  9  10  11  12  13  14  15  16  17  18  19  20  21  22  23  24  25  26  27  28  29  30  31  32  33  34  35  36  37  38  39  40  41  42  43  44  45  46  47  48  49  50  51  52  53  54  55  56  57  58  59  60  61  62  63  64  65  66  67  68  69  70  71  72  73  74  75  76  77  78  79  80  81  82  83  84  85 86 87 88 89 90 }
After insert_back(91): F: [5] [ 5] B: [4] [ 6] ... {0 1 2 3 4 5  6  7  8  9  10  11  12  13  14  15  16  17  18  19  20  21  22  23  24  25  26  27  28  29  30  31  32  33  34  35  36  37  38  39  40  41  42  43  44  45  46  47  48  49  50  51  52  53  54  55  56  57  58  59  60  61  62  63  64  65  66  67  68  69  70  71  72  73  74  75  76  77  78  79  80  81  82  83  84  85 86 87 88 89 90 91 }
After insert_back(92): F: [5] [ 5] B: [4] [ 7] ... {0 1 2 3 4 5  6  7  8  9  10  11  12  13  14  15  16  17  18  19  20  21  22  23  24  25  26  27  28  29  30  31  32  33  34  35  36  37  38  39  40  41  42  43  44  45  46  47  48  49  50  51  52  53  54  55  56  57  58  59  60  61  62  63  64  65  66  67  68  69  70  71  72  73  74  75  76  77  78  79  80  81  82  83  84  85 86 87 88 89 90 91 92 }
After insert_back(93): F: [5] [ 5] B: [4] [ 8] ... {0 1 2 3 4 5  6  7  8  9  10  11  12  13  14  15  16  17  18  19  20  21  22  23  24  25  26  27  28  29  30  31  32  33  34  35  36  37  38  39  40  41  42  43  44  45  46  47  48  49  50  51  52  53  54  55  56  57  58  59  60  61  62  63  64  65  66  67  68  69  70  71  72  73  74  75  76  77  78  79  80  81  82  83  84  85 86 87 88 89 90 91 92 93 }
After insert_back(94): F: [5] [ 5] B: [4] [ 9] ... {0 1 2 3 4 5  6  7  8  9  10  11  12  13  14  15  16  17  18  19  20  21  22  23  24  25  26  27  28  29  30  31  32  33  34  35  36  37  38  39  40  41  42  43  44  45  46  47  48  49  50  51  52  53  54  55  56  57  58  59  60  61  62  63  64  65  66  67  68  69  70  71  72  73  74  75  76  77  78  79  80  81  82  83  84  85 86 87 88 89 90 91 92 93 94 }


Need bigger vector

After insert_back(95): F: [0] [ 5] B: [10] [ 0] ... {0 1 2 3 4 5  6  7  8  9  10  11  12  13  14  15  16  17  18  19  20  21  22  23  24  25  26  27  28  29  30  31  32  33  34  35  36  37  38  39  40  41  42  43  44  45  46  47  48  49  50  51  52  53  54  55  56  57  58  59  60  61  62  63  64  65  66  67  68  69  70  71  72  73  74  75  76  77  78  79  80  81  82  83  84  85  86  87  88  89  90  91  92  93  94  95 }
After insert_back(96): F: [0] [ 5] B: [10] [ 1] ... {0 1 2 3 4 5  6  7  8  9  10  11  12  13  14  15  16  17  18  19  20  21  22  23  24  25  26  27  28  29  30  31  32  33  34  35  36  37  38  39  40  41  42  43  44  45  46  47  48  49  50  51  52  53  54  55  56  57  58  59  60  61  62  63  64  65  66  67  68  69  70  71  72  73  74  75  76  77  78  79  80  81  82  83  84  85  86  87  88  89  90  91  92  93  94  95 96 }
After insert_back(97): F: [0] [ 5] B: [10] [ 2] ... {0 1 2 3 4 5  6  7  8  9  10  11  12  13  14  15  16  17  18  19  20  21  22  23  24  25  26  27  28  29  30  31  32  33  34  35  36  37  38  39  40  41  42  43  44  45  46  47  48  49  50  51  52  53  54  55  56  57  58  59  60  61  62  63  64  65  66  67  68  69  70  71  72  73  74  75  76  77  78  79  80  81  82  83  84  85  86  87  88  89  90  91  92  93  94  95 96 97 }
After insert_back(98): F: [0] [ 5] B: [10] [ 3] ... {0 1 2 3 4 5  6  7  8  9  10  11  12  13  14  15  16  17  18  19  20  21  22  23  24  25  26  27  28  29  30  31  32  33  34  35  36  37  38  39  40  41  42  43  44  45  46  47  48  49  50  51  52  53  54  55  56  57  58  59  60  61  62  63  64  65  66  67  68  69  70  71  72  73  74  75  76  77  78  79  80  81  82  83  84  85  86  87  88  89  90  91  92  93  94  95 96 97 98 }
After insert_back(99): F: [0] [ 5] B: [10] [ 4] ... {0 1 2 3 4 5  6  7  8  9  10  11  12  13  14  15  16  17  18  19  20  21  22  23  24  25  26  27  28  29  30  31  32  33  34  35  36  37  38  39  40  41  42  43  44  45  46  47  48  49  50  51  52  53  54  55  56  57  58  59  60  61  62  63  64  65  66  67  68  69  70  71  72  73  74  75  76  77  78  79  80  81  82  83  84  85  86  87  88  89  90  91  92  93  94  95 96 97 98 99 }
After remove_front of 0: F: [0] [ 6] B: [10] [ 4] ... {1 2 3 4 5  6  7  8  9  10  11  12  13  14  15  16  17  18  19  20  21  22  23  24  25  26  27  28  29  30  31  32  33  34  35  36  37  38  39  40  41  42  43  44  45  46  47  48  49  50  51  52  53  54  55  56  57  58  59  60  61  62  63  64  65  66  67  68  69  70  71  72  73  74  75  76  77  78  79  80  81  82  83  84  85  86  87  88  89  90  91  92  93  94  95 96 97 98 99 }
After remove_front of 1: F: [0] [ 7] B: [10] [ 4] ... {2 3 4 5  6  7  8  9  10  11  12  13  14  15  16  17  18  19  20  21  22  23  24  25  26  27  28  29  30  31  32  33  34  35  36  37  38  39  40  41  42  43  44  45  46  47  48  49  50  51  52  53  54  55  56  57  58  59  60  61  62  63  64  65  66  67  68  69  70  71  72  73  74  75  76  77  78  79  80  81  82  83  84  85  86  87  88  89  90  91  92  93  94  95 96 97 98 99 }
After remove_front of 2: F: [0] [ 8] B: [10] [ 4] ... {3 4 5  6  7  8  9  10  11  12  13  14  15  16  17  18  19  20  21  22  23  24  25  26  27  28  29  30  31  32  33  34  35  36  37  38  39  40  41  42  43  44  45  46  47  48  49  50  51  52  53  54  55  56  57  58  59  60  61  62  63  64  65  66  67  68  69  70  71  72  73  74  75  76  77  78  79  80  81  82  83  84  85  86  87  88  89  90  91  92  93  94  95 96 97 98 99 }
After remove_front of 3: F: [0] [ 9] B: [10] [ 4] ... {4 5  6  7  8  9  10  11  12  13  14  15  16  17  18  19  20  21  22  23  24  25  26  27  28  29  30  31  32  33  34  35  36  37  38  39  40  41  42  43  44  45  46  47  48  49  50  51  52  53  54  55  56  57  58  59  60  61  62  63  64  65  66  67  68  69  70  71  72  73  74  75  76  77  78  79  80  81  82  83  84  85  86  87  88  89  90  91  92  93  94  95 96 97 98 99 }
After remove_front of 4: F: [1] [ 0] B: [10] [ 4] ... {5 6 7 8 9 10 11 12 13 14 15  16  17  18  19  20  21  22  23  24  25  26  27  28  29  30  31  32  33  34  35  36  37  38  39  40  41  42  43  44  45  46  47  48  49  50  51  52  53  54  55  56  57  58  59  60  61  62  63  64  65  66  67  68  69  70  71  72  73  74  75  76  77  78  79  80  81  82  83  84  85  86  87  88  89  90  91  92  93  94  95 96 97 98 99 }
After remove_front of 5: F: [1] [ 1] B: [10] [ 4] ... {6 7 8 9 10 11 12 13 14 15  16  17  18  19  20  21  22  23  24  25  26  27  28  29  30  31  32  33  34  35  36  37  38  39  40  41  42  43  44  45  46  47  48  49  50  51  52  53  54  55  56  57  58  59  60  61  62  63  64  65  66  67  68  69  70  71  72  73  74  75  76  77  78  79  80  81  82  83  84  85  86  87  88  89  90  91  92  93  94  95 96 97 98 99 }
After remove_front of 6: F: [1] [ 2] B: [10] [ 4] ... {7 8 9 10 11 12 13 14 15  16  17  18  19  20  21  22  23  24  25  26  27  28  29  30  31  32  33  34  35  36  37  38  39  40  41  42  43  44  45  46  47  48  49  50  51  52  53  54  55  56  57  58  59  60  61  62  63  64  65  66  67  68  69  70  71  72  73  74  75  76  77  78  79  80  81  82  83  84  85  86  87  88  89  90  91  92  93  94  95 96 97 98 99 }
After remove_front of 7: F: [1] [ 3] B: [10] [ 4] ... {8 9 10 11 12 13 14 15  16  17  18  19  20  21  22  23  24  25  26  27  28  29  30  31  32  33  34  35  36  37  38  39  40  41  42  43  44  45  46  47  48  49  50  51  52  53  54  55  56  57  58  59  60  61  62  63  64  65  66  67  68  69  70  71  72  73  74  75  76  77  78  79  80  81  82  83  84  85  86  87  88  89  90  91  92  93  94  95 96 97 98 99 }
After remove_front of 8: F: [1] [ 4] B: [10] [ 4] ... {9 10 11 12 13 14 15  16  17  18  19  20  21  22  23  24  25  26  27  28  29  30  31  32  33  34  35  36  37  38  39  40  41  42  43  44  45  46  47  48  49  50  51  52  53  54  55  56  57  58  59  60  61  62  63  64  65  66  67  68  69  70  71  72  73  74  75  76  77  78  79  80  81  82  83  84  85  86  87  88  89  90  91  92  93  94  95 96 97 98 99 }
After remove_front of 9: F: [1] [ 5] B: [10] [ 4] ... {10 11 12 13 14 15  16  17  18  19  20  21  22  23  24  25  26  27  28  29  30  31  32  33  34  35  36  37  38  39  40  41  42  43  44  45  46  47  48  49  50  51  52  53  54  55  56  57  58  59  60  61  62  63  64  65  66  67  68  69  70  71  72  73  74  75  76  77  78  79  80  81  82  83  84  85  86  87  88  89  90  91  92  93  94  95 96 97 98 99 }
After remove_front of 10: F: [1] [ 6] B: [10] [ 4] ... {11 12 13 14 15  16  17  18  19  20  21  22  23  24  25  26  27  28  29  30  31  32  33  34  35  36  37  38  39  40  41  42  43  44  45  46  47  48  49  50  51  52  53  54  55  56  57  58  59  60  61  62  63  64  65  66  67  68  69  70  71  72  73  74  75  76  77  78  79  80  81  82  83  84  85  86  87  88  89  90  91  92  93  94  95 96 97 98 99 }
After remove_front of 11: F: [1] [ 7] B: [10] [ 4] ... {12 13 14 15  16  17  18  19  20  21  22  23  24  25  26  27  28  29  30  31  32  33  34  35  36  37  38  39  40  41  42  43  44  45  46  47  48  49  50  51  52  53  54  55  56  57  58  59  60  61  62  63  64  65  66  67  68  69  70  71  72  73  74  75  76  77  78  79  80  81  82  83  84  85  86  87  88  89  90  91  92  93  94  95 96 97 98 99 }
After remove_front of 12: F: [1] [ 8] B: [10] [ 4] ... {13 14 15  16  17  18  19  20  21  22  23  24  25  26  27  28  29  30  31  32  33  34  35  36  37  38  39  40  41  42  43  44  45  46  47  48  49  50  51  52  53  54  55  56  57  58  59  60  61  62  63  64  65  66  67  68  69  70  71  72  73  74  75  76  77  78  79  80  81  82  83  84  85  86  87  88  89  90  91  92  93  94  95 96 97 98 99 }
After remove_front of 13: F: [1] [ 9] B: [10] [ 4] ... {14 15  16  17  18  19  20  21  22  23  24  25  26  27  28  29  30  31  32  33  34  35  36  37  38  39  40  41  42  43  44  45  46  47  48  49  50  51  52  53  54  55  56  57  58  59  60  61  62  63  64  65  66  67  68  69  70  71  72  73  74  75  76  77  78  79  80  81  82  83  84  85  86  87  88  89  90  91  92  93  94  95 96 97 98 99 }
After remove_front of 14: F: [2] [ 0] B: [10] [ 4] ... {15 16 17 18 19 20 21 22 23 24 25  26  27  28  29  30  31  32  33  34  35  36  37  38  39  40  41  42  43  44  45  46  47  48  49  50  51  52  53  54  55  56  57  58  59  60  61  62  63  64  65  66  67  68  69  70  71  72  73  74  75  76  77  78  79  80  81  82  83  84  85  86  87  88  89  90  91  92  93  94  95 96 97 98 99 }
After remove_front of 15: F: [2] [ 1] B: [10] [ 4] ... {16 17 18 19 20 21 22 23 24 25  26  27  28  29  30  31  32  33  34  35  36  37  38  39  40  41  42  43  44  45  46  47  48  49  50  51  52  53  54  55  56  57  58  59  60  61  62  63  64  65  66  67  68  69  70  71  72  73  74  75  76  77  78  79  80  81  82  83  84  85  86  87  88  89  90  91  92  93  94  95 96 97 98 99 }
After remove_front of 16: F: [2] [ 2] B: [10] [ 4] ... {17 18 19 20 21 22 23 24 25  26  27  28  29  30  31  32  33  34  35  36  37  38  39  40  41  42  43  44  45  46  47  48  49  50  51  52  53  54  55  56  57  58  59  60  61  62  63  64  65  66  67  68  69  70  71  72  73  74  75  76  77  78  79  80  81  82  83  84  85  86  87  88  89  90  91  92  93  94  95 96 97 98 99 }
After remove_front of 17: F: [2] [ 3] B: [10] [ 4] ... {18 19 20 21 22 23 24 25  26  27  28  29  30  31  32  33  34  35  36  37  38  39  40  41  42  43  44  45  46  47  48  49  50  51  52  53  54  55  56  57  58  59  60  61  62  63  64  65  66  67  68  69  70  71  72  73  74  75  76  77  78  79  80  81  82  83  84  85  86  87  88  89  90  91  92  93  94  95 96 97 98 99 }
After remove_front of 18: F: [2] [ 4] B: [10] [ 4] ... {19 20 21 22 23 24 25  26  27  28  29  30  31  32  33  34  35  36  37  38  39  40  41  42  43  44  45  46  47  48  49  50  51  52  53  54  55  56  57  58  59  60  61  62  63  64  65  66  67  68  69  70  71  72  73  74  75  76  77  78  79  80  81  82  83  84  85  86  87  88  89  90  91  92  93  94  95 96 97 98 99 }
After remove_front of 19: F: [2] [ 5] B: [10] [ 4] ... {20 21 22 23 24 25  26  27  28  29  30  31  32  33  34  35  36  37  38  39  40  41  42  43  44  45  46  47  48  49  50  51  52  53  54  55  56  57  58  59  60  61  62  63  64  65  66  67  68  69  70  71  72  73  74  75  76  77  78  79  80  81  82  83  84  85  86  87  88  89  90  91  92  93  94  95 96 97 98 99 }
After remove_front of 20: F: [2] [ 6] B: [10] [ 4] ... {21 22 23 24 25  26  27  28  29  30  31  32  33  34  35  36  37  38  39  40  41  42  43  44  45  46  47  48  49  50  51  52  53  54  55  56  57  58  59  60  61  62  63  64  65  66  67  68  69  70  71  72  73  74  75  76  77  78  79  80  81  82  83  84  85  86  87  88  89  90  91  92  93  94  95 96 97 98 99 }
After remove_front of 21: F: [2] [ 7] B: [10] [ 4] ... {22 23 24 25  26  27  28  29  30  31  32  33  34  35  36  37  38  39  40  41  42  43  44  45  46  47  48  49  50  51  52  53  54  55  56  57  58  59  60  61  62  63  64  65  66  67  68  69  70  71  72  73  74  75  76  77  78  79  80  81  82  83  84  85  86  87  88  89  90  91  92  93  94  95 96 97 98 99 }
After remove_front of 22: F: [2] [ 8] B: [10] [ 4] ... {23 24 25  26  27  28  29  30  31  32  33  34  35  36  37  38  39  40  41  42  43  44  45  46  47  48  49  50  51  52  53  54  55  56  57  58  59  60  61  62  63  64  65  66  67  68  69  70  71  72  73  74  75  76  77  78  79  80  81  82  83  84  85  86  87  88  89  90  91  92  93  94  95 96 97 98 99 }
After remove_front of 23: F: [2] [ 9] B: [10] [ 4] ... {24 25  26  27  28  29  30  31  32  33  34  35  36  37  38  39  40  41  42  43  44  45  46  47  48  49  50  51  52  53  54  55  56  57  58  59  60  61  62  63  64  65  66  67  68  69  70  71  72  73  74  75  76  77  78  79  80  81  82  83  84  85  86  87  88  89  90  91  92  93  94  95 96 97 98 99 }
After remove_front of 24: F: [3] [ 0] B: [10] [ 4] ... {25 26 27 28 29 30 31 32 33 34 35  36  37  38  39  40  41  42  43  44  45  46  47  48  49  50  51  52  53  54  55  56  57  58  59  60  61  62  63  64  65  66  67  68  69  70  71  72  73  74  75  76  77  78  79  80  81  82  83  84  85  86  87  88  89  90  91  92  93  94  95 96 97 98 99 }
After remove_front of 25: F: [3] [ 1] B: [10] [ 4] ... {26 27 28 29 30 31 32 33 34 35  36  37  38  39  40  41  42  43  44  45  46  47  48  49  50  51  52  53  54  55  56  57  58  59  60  61  62  63  64  65  66  67  68  69  70  71  72  73  74  75  76  77  78  79  80  81  82  83  84  85  86  87  88  89  90  91  92  93  94  95 96 97 98 99 }
After remove_front of 26: F: [3] [ 2] B: [10] [ 4] ... {27 28 29 30 31 32 33 34 35  36  37  38  39  40  41  42  43  44  45  46  47  48  49  50  51  52  53  54  55  56  57  58  59  60  61  62  63  64  65  66  67  68  69  70  71  72  73  74  75  76  77  78  79  80  81  82  83  84  85  86  87  88  89  90  91  92  93  94  95 96 97 98 99 }
After remove_front of 27: F: [3] [ 3] B: [10] [ 4] ... {28 29 30 31 32 33 34 35  36  37  38  39  40  41  42  43  44  45  46  47  48  49  50  51  52  53  54  55  56  57  58  59  60  61  62  63  64  65  66  67  68  69  70  71  72  73  74  75  76  77  78  79  80  81  82  83  84  85  86  87  88  89  90  91  92  93  94  95 96 97 98 99 }
After remove_front of 28: F: [3] [ 4] B: [10] [ 4] ... {29 30 31 32 33 34 35  36  37  38  39  40  41  42  43  44  45  46  47  48  49  50  51  52  53  54  55  56  57  58  59  60  61  62  63  64  65  66  67  68  69  70  71  72  73  74  75  76  77  78  79  80  81  82  83  84  85  86  87  88  89  90  91  92  93  94  95 96 97 98 99 }
After remove_front of 29: F: [3] [ 5] B: [10] [ 4] ... {30 31 32 33 34 35  36  37  38  39  40  41  42  43  44  45  46  47  48  49  50  51  52  53  54  55  56  57  58  59  60  61  62  63  64  65  66  67  68  69  70  71  72  73  74  75  76  77  78  79  80  81  82  83  84  85  86  87  88  89  90  91  92  93  94  95 96 97 98 99 }
After remove_front of 30: F: [3] [ 6] B: [10] [ 4] ... {31 32 33 34 35  36  37  38  39  40  41  42  43  44  45  46  47  48  49  50  51  52  53  54  55  56  57  58  59  60  61  62  63  64  65  66  67  68  69  70  71  72  73  74  75  76  77  78  79  80  81  82  83  84  85  86  87  88  89  90  91  92  93  94  95 96 97 98 99 }
After remove_front of 31: F: [3] [ 7] B: [10] [ 4] ... {32 33 34 35  36  37  38  39  40  41  42  43  44  45  46  47  48  49  50  51  52  53  54  55  56  57  58  59  60  61  62  63  64  65  66  67  68  69  70  71  72  73  74  75  76  77  78  79  80  81  82  83  84  85  86  87  88  89  90  91  92  93  94  95 96 97 98 99 }
After remove_front of 32: F: [3] [ 8] B: [10] [ 4] ... {33 34 35  36  37  38  39  40  41  42  43  44  45  46  47  48  49  50  51  52  53  54  55  56  57  58  59  60  61  62  63  64  65  66  67  68  69  70  71  72  73  74  75  76  77  78  79  80  81  82  83  84  85  86  87  88  89  90  91  92  93  94  95 96 97 98 99 }
After remove_front of 33: F: [3] [ 9] B: [10] [ 4] ... {34 35  36  37  38  39  40  41  42  43  44  45  46  47  48  49  50  51  52  53  54  55  56  57  58  59  60  61  62  63  64  65  66  67  68  69  70  71  72  73  74  75  76  77  78  79  80  81  82  83  84  85  86  87  88  89  90  91  92  93  94  95 96 97 98 99 }
After remove_front of 34: F: [4] [ 0] B: [10] [ 4] ... {35 36 37 38 39 40 41 42 43 44 45  46  47  48  49  50  51  52  53  54  55  56  57  58  59  60  61  62  63  64  65  66  67  68  69  70  71  72  73  74  75  76  77  78  79  80  81  82  83  84  85  86  87  88  89  90  91  92  93  94  95 96 97 98 99 }
After remove_front of 35: F: [4] [ 1] B: [10] [ 4] ... {36 37 38 39 40 41 42 43 44 45  46  47  48  49  50  51  52  53  54  55  56  57  58  59  60  61  62  63  64  65  66  67  68  69  70  71  72  73  74  75  76  77  78  79  80  81  82  83  84  85  86  87  88  89  90  91  92  93  94  95 96 97 98 99 }
After remove_front of 36: F: [4] [ 2] B: [10] [ 4] ... {37 38 39 40 41 42 43 44 45  46  47  48  49  50  51  52  53  54  55  56  57  58  59  60  61  62  63  64  65  66  67  68  69  70  71  72  73  74  75  76  77  78  79  80  81  82  83  84  85  86  87  88  89  90  91  92  93  94  95 96 97 98 99 }
After remove_front of 37: F: [4] [ 3] B: [10] [ 4] ... {38 39 40 41 42 43 44 45  46  47  48  49  50  51  52  53  54  55  56  57  58  59  60  61  62  63  64  65  66  67  68  69  70  71  72  73  74  75  76  77  78  79  80  81  82  83  84  85  86  87  88  89  90  91  92  93  94  95 96 97 98 99 }
After remove_front of 38: F: [4] [ 4] B: [10] [ 4] ... {39 40 41 42 43 44 45  46  47  48  49  50  51  52  53  54  55  56  57  58  59  60  61  62  63  64  65  66  67  68  69  70  71  72  73  74  75  76  77  78  79  80  81  82  83  84  85  86  87  88  89  90  91  92  93  94  95 96 97 98 99 }
After remove_front of 39: F: [4] [ 5] B: [10] [ 4] ... {40 41 42 43 44 45  46  47  48  49  50  51  52  53  54  55  56  57  58  59  60  61  62  63  64  65  66  67  68  69  70  71  72  73  74  75  76  77  78  79  80  81  82  83  84  85  86  87  88  89  90  91  92  93  94  95 96 97 98 99 }
After remove_front of 40: F: [4] [ 6] B: [10] [ 4] ... {41 42 43 44 45  46  47  48  49  50  51  52  53  54  55  56  57  58  59  60  61  62  63  64  65  66  67  68  69  70  71  72  73  74  75  76  77  78  79  80  81  82  83  84  85  86  87  88  89  90  91  92  93  94  95 96 97 98 99 }
After remove_front of 41: F: [4] [ 7] B: [10] [ 4] ... {42 43 44 45  46  47  48  49  50  51  52  53  54  55  56  57  58  59  60  61  62  63  64  65  66  67  68  69  70  71  72  73  74  75  76  77  78  79  80  81  82  83  84  85  86  87  88  89  90  91  92  93  94  95 96 97 98 99 }
After remove_front of 42: F: [4] [ 8] B: [10] [ 4] ... {43 44 45  46  47  48  49  50  51  52  53  54  55  56  57  58  59  60  61  62  63  64  65  66  67  68  69  70  71  72  73  74  75  76  77  78  79  80  81  82  83  84  85  86  87  88  89  90  91  92  93  94  95 96 97 98 99 }
After remove_front of 43: F: [4] [ 9] B: [10] [ 4] ... {44 45  46  47  48  49  50  51  52  53  54  55  56  57  58  59  60  61  62  63  64  65  66  67  68  69  70  71  72  73  74  75  76  77  78  79  80  81  82  83  84  85  86  87  88  89  90  91  92  93  94  95 96 97 98 99 }
After remove_front of 44: F: [5] [ 0] B: [10] [ 4] ... {45 46 47 48 49 50 51 52 53 54 55  56  57  58  59  60  61  62  63  64  65  66  67  68  69  70  71  72  73  74  75  76  77  78  79  80  81  82  83  84  85  86  87  88  89  90  91  92  93  94  95 96 97 98 99 }
After remove_front of 45: F: [5] [ 1] B: [10] [ 4] ... {46 47 48 49 50 51 52 53 54 55  56  57  58  59  60  61  62  63  64  65  66  67  68  69  70  71  72  73  74  75  76  77  78  79  80  81  82  83  84  85  86  87  88  89  90  91  92  93  94  95 96 97 98 99 }
After remove_front of 46: F: [5] [ 2] B: [10] [ 4] ... {47 48 49 50 51 52 53 54 55  56  57  58  59  60  61  62  63  64  65  66  67  68  69  70  71  72  73  74  75  76  77  78  79  80  81  82  83  84  85  86  87  88  89  90  91  92  93  94  95 96 97 98 99 }
After remove_front of 47: F: [5] [ 3] B: [10] [ 4] ... {48 49 50 51 52 53 54 55  56  57  58  59  60  61  62  63  64  65  66  67  68  69  70  71  72  73  74  75  76  77  78  79  80  81  82  83  84  85  86  87  88  89  90  91  92  93  94  95 96 97 98 99 }
After remove_front of 48: F: [5] [ 4] B: [10] [ 4] ... {49 50 51 52 53 54 55  56  57  58  59  60  61  62  63  64  65  66  67  68  69  70  71  72  73  74  75  76  77  78  79  80  81  82  83  84  85  86  87  88  89  90  91  92  93  94  95 96 97 98 99 }
After remove_front of 49: F: [5] [ 5] B: [10] [ 4] ... {50 51 52 53 54 55  56  57  58  59  60  61  62  63  64  65  66  67  68  69  70  71  72  73  74  75  76  77  78  79  80  81  82  83  84  85  86  87  88  89  90  91  92  93  94  95 96 97 98 99 }
After remove_front of 50: F: [5] [ 6] B: [10] [ 4] ... {51 52 53 54 55  56  57  58  59  60  61  62  63  64  65  66  67  68  69  70  71  72  73  74  75  76  77  78  79  80  81  82  83  84  85  86  87  88  89  90  91  92  93  94  95 96 97 98 99 }
After remove_front of 51: F: [5] [ 7] B: [10] [ 4] ... {52 53 54 55  56  57  58  59  60  61  62  63  64  65  66  67  68  69  70  71  72  73  74  75  76  77  78  79  80  81  82  83  84  85  86  87  88  89  90  91  92  93  94  95 96 97 98 99 }
After remove_front of 52: F: [5] [ 8] B: [10] [ 4] ... {53 54 55  56  57  58  59  60  61  62  63  64  65  66  67  68  69  70  71  72  73  74  75  76  77  78  79  80  81  82  83  84  85  86  87  88  89  90  91  92  93  94  95 96 97 98 99 }
After remove_front of 53: F: [5] [ 9] B: [10] [ 4] ... {54 55  56  57  58  59  60  61  62  63  64  65  66  67  68  69  70  71  72  73  74  75  76  77  78  79  80  81  82  83  84  85  86  87  88  89  90  91  92  93  94  95 96 97 98 99 }
After remove_front of 54: F: [6] [ 0] B: [10] [ 4] ... {55 56 57 58 59 60 61 62 63 64 65  66  67  68  69  70  71  72  73  74  75  76  77  78  79  80  81  82  83  84  85  86  87  88  89  90  91  92  93  94  95 96 97 98 99 }
After remove_front of 55: F: [6] [ 1] B: [10] [ 4] ... {56 57 58 59 60 61 62 63 64 65  66  67  68  69  70  71  72  73  74  75  76  77  78  79  80  81  82  83  84  85  86  87  88  89  90  91  92  93  94  95 96 97 98 99 }
After remove_front of 56: F: [6] [ 2] B: [10] [ 4] ... {57 58 59 60 61 62 63 64 65  66  67  68  69  70  71  72  73  74  75  76  77  78  79  80  81  82  83  84  85  86  87  88  89  90  91  92  93  94  95 96 97 98 99 }
After remove_front of 57: F: [6] [ 3] B: [10] [ 4] ... {58 59 60 61 62 63 64 65  66  67  68  69  70  71  72  73  74  75  76  77  78  79  80  81  82  83  84  85  86  87  88  89  90  91  92  93  94  95 96 97 98 99 }
After remove_front of 58: F: [6] [ 4] B: [10] [ 4] ... {59 60 61 62 63 64 65  66  67  68  69  70  71  72  73  74  75  76  77  78  79  80  81  82  83  84  85  86  87  88  89  90  91  92  93  94  95 96 97 98 99 }
After remove_front of 59: F: [6] [ 5] B: [10] [ 4] ... {60 61 62 63 64 65  66  67  68  69  70  71  72  73  74  75  76  77  78  79  80  81  82  83  84  85  86  87  88  89  90  91  92  93  94  95 96 97 98 99 }
After remove_front of 60: F: [6] [ 6] B: [10] [ 4] ... {61 62 63 64 65  66  67  68  69  70  71  72  73  74  75  76  77  78  79  80  81  82  83  84  85  86  87  88  89  90  91  92  93  94  95 96 97 98 99 }
After remove_front of 61: F: [6] [ 7] B: [10] [ 4] ... {62 63 64 65  66  67  68  69  70  71  72  73  74  75  76  77  78  79  80  81  82  83  84  85  86  87  88  89  90  91  92  93  94  95 96 97 98 99 }
After remove_front of 62: F: [6] [ 8] B: [10] [ 4] ... {63 64 65  66  67  68  69  70  71  72  73  74  75  76  77  78  79  80  81  82  83  84  85  86  87  88  89  90  91  92  93  94  95 96 97 98 99 }
After remove_front of 63: F: [6] [ 9] B: [10] [ 4] ... {64 65  66  67  68  69  70  71  72  73  74  75  76  77  78  79  80  81  82  83  84  85  86  87  88  89  90  91  92  93  94  95 96 97 98 99 }
After remove_front of 64: F: [7] [ 0] B: [10] [ 4] ... {65 66 67 68 69 70 71 72 73 74 75  76  77  78  79  80  81  82  83  84  85  86  87  88  89  90  91  92  93  94  95 96 97 98 99 }
After remove_front of 65: F: [7] [ 1] B: [10] [ 4] ... {66 67 68 69 70 71 72 73 74 75  76  77  78  79  80  81  82  83  84  85  86  87  88  89  90  91  92  93  94  95 96 97 98 99 }
After remove_front of 66: F: [7] [ 2] B: [10] [ 4] ... {67 68 69 70 71 72 73 74 75  76  77  78  79  80  81  82  83  84  85  86  87  88  89  90  91  92  93  94  95 96 97 98 99 }
After remove_front of 67: F: [7] [ 3] B: [10] [ 4] ... {68 69 70 71 72 73 74 75  76  77  78  79  80  81  82  83  84  85  86  87  88  89  90  91  92  93  94  95 96 97 98 99 }
After remove_front of 68: F: [7] [ 4] B: [10] [ 4] ... {69 70 71 72 73 74 75  76  77  78  79  80  81  82  83  84  85  86  87  88  89  90  91  92  93  94  95 96 97 98 99 }
After remove_front of 69: F: [7] [ 5] B: [10] [ 4] ... {70 71 72 73 74 75  76  77  78  79  80  81  82  83  84  85  86  87  88  89  90  91  92  93  94  95 96 97 98 99 }
After remove_front of 70: F: [7] [ 6] B: [10] [ 4] ... {71 72 73 74 75  76  77  78  79  80  81  82  83  84  85  86  87  88  89  90  91  92  93  94  95 96 97 98 99 }
After remove_front of 71: F: [7] [ 7] B: [10] [ 4] ... {72 73 74 75  76  77  78  79  80  81  82  83  84  85  86  87  88  89  90  91  92  93  94  95 96 97 98 99 }
After remove_front of 72: F: [7] [ 8] B: [10] [ 4] ... {73 74 75  76  77  78  79  80  81  82  83  84  85  86  87  88  89  90  91  92  93  94  95 96 97 98 99 }
After remove_front of 73: F: [7] [ 9] B: [10] [ 4] ... {74 75  76  77  78  79  80  81  82  83  84  85  86  87  88  89  90  91  92  93  94  95 96 97 98 99 }
After remove_front of 74: F: [8] [ 0] B: [10] [ 4] ... {75 76 77 78 79 80 81 82 83 84 85  86  87  88  89  90  91  92  93  94  95 96 97 98 99 }
After remove_front of 75: F: [8] [ 1] B: [10] [ 4] ... {76 77 78 79 80 81 82 83 84 85  86  87  88  89  90  91  92  93  94  95 96 97 98 99 }
After remove_front of 76: F: [8] [ 2] B: [10] [ 4] ... {77 78 79 80 81 82 83 84 85  86  87  88  89  90  91  92  93  94  95 96 97 98 99 }
After remove_front of 77: F: [8] [ 3] B: [10] [ 4] ... {78 79 80 81 82 83 84 85  86  87  88  89  90  91  92  93  94  95 96 97 98 99 }
After remove_front of 78: F: [8] [ 4] B: [10] [ 4] ... {79 80 81 82 83 84 85  86  87  88  89  90  91  92  93  94  95 96 97 98 99 }
After remove_front of 79: F: [8] [ 5] B: [10] [ 4] ... {80 81 82 83 84 85  86  87  88  89  90  91  92  93  94  95 96 97 98 99 }
After remove_front of 80: F: [8] [ 6] B: [10] [ 4] ... {81 82 83 84 85  86  87  88  89  90  91  92  93  94  95 96 97 98 99 }
After remove_front of 81: F: [8] [ 7] B: [10] [ 4] ... {82 83 84 85  86  87  88  89  90  91  92  93  94  95 96 97 98 99 }
After remove_front of 82: F: [8] [ 8] B: [10] [ 4] ... {83 84 85  86  87  88  89  90  91  92  93  94  95 96 97 98 99 }
After remove_front of 83: F: [8] [ 9] B: [10] [ 4] ... {84 85  86  87  88  89  90  91  92  93  94  95 96 97 98 99 }
After remove_front of 84: F: [9] [ 0] B: [10] [ 4] ... {85 86 87 88 89 90 91 92 93 94 95 96 97 98 99 }
After remove_front of 85: F: [9] [ 1] B: [10] [ 4] ... {86 87 88 89 90 91 92 93 94 95 96 97 98 99 }
After remove_front of 86: F: [9] [ 2] B: [10] [ 4] ... {87 88 89 90 91 92 93 94 95 96 97 98 99 }
After remove_front of 87: F: [9] [ 3] B: [10] [ 4] ... {88 89 90 91 92 93 94 95 96 97 98 99 }
After remove_front of 88: F: [9] [ 4] B: [10] [ 4] ... {89 90 91 92 93 94 95 96 97 98 99 }
After remove_front of 89: F: [9] [ 5] B: [10] [ 4] ... {90 91 92 93 94 95 96 97 98 99 }
After remove_front of 90: F: [9] [ 6] B: [10] [ 4] ... {91 92 93 94 95 96 97 98 99 }
After remove_front of 91: F: [9] [ 7] B: [10] [ 4] ... {92 93 94 95 96 97 98 99 }
After remove_front of 92: F: [9] [ 8] B: [10] [ 4] ... {93 94 95 96 97 98 99 }
After remove_front of 93: F: [9] [ 9] B: [10] [ 4] ... {94 95 96 97 98 99 }
After remove_front of 94: F: [10] [ 0] B: [10] [ 4] ... {95 96 97 98 99 }
After remove_front of 95: F: [10] [ 1] B: [10] [ 4] ... {96 97 98 99 }
After remove_front of 96: F: [10] [ 2] B: [10] [ 4] ... {97 98 99 }
After remove_front of 97: F: [10] [ 3] B: [10] [ 4] ... {98 99 }
After remove_front of 98: F: [10] [ 4] B: [10] [ 4] ... {99 }
After remove_front of 99: F: [10] [ 5] B: [10] [ 4] ... { }


------ Inserting at the front -----

Deque created with capacity: 10 size: 0 front: 5 5 back: 5 4
After insert_front(0): F: [5] [ 4] B: [5] [ 4] ... {0 }
After insert_front(1): F: [5] [ 3] B: [5] [ 4] ... {1 0 }
After insert_front(2): F: [5] [ 2] B: [5] [ 4] ... {2 1 0 }
After insert_front(3): F: [5] [ 1] B: [5] [ 4] ... {3 2 1 0 }
After insert_front(4): F: [5] [ 0] B: [5] [ 4] ... {4 3 2 1 0 }
After insert_front(5): F: [4] [ 9] B: [5] [ 4] ... {5 4 3 2 1 0 }
After insert_front(6): F: [4] [ 8] B: [5] [ 4] ... {6 5 4 3 2 1 0 }
After insert_front(7): F: [4] [ 7] B: [5] [ 4] ... {7 6 5 4 3 2 1 0 }
After insert_front(8): F: [4] [ 6] B: [5] [ 4] ... {8 7 6 5 4 3 2 1 0 }
After insert_front(9): F: [4] [ 5] B: [5] [ 4] ... {9 8 7 6 5 4 3 2 1 0 }
After insert_front(10): F: [4] [ 4] B: [5] [ 4] ... {10 9 8 7 6 5 4 3 2 1 0 }
After insert_front(11): F: [4] [ 3] B: [5] [ 4] ... {11 10 9 8 7 6 5 4 3 2 1 0 }
After insert_front(12): F: [4] [ 2] B: [5] [ 4] ... {12 11 10 9 8 7 6 5 4 3 2 1 0 }
After insert_front(13): F: [4] [ 1] B: [5] [ 4] ... {13 12 11 10 9 8 7 6 5 4 3 2 1 0 }
After insert_front(14): F: [4] [ 0] B: [5] [ 4] ... {14 13 12 11 10 9 8 7 6 5 4 3 2 1 0 }
After insert_front(15): F: [3] [ 9] B: [5] [ 4] ... {15 14  13  12  11  10  9  8  7  6  5  4 3 2 1 0 }
After insert_front(16): F: [3] [ 8] B: [5] [ 4] ... {16 15 14  13  12  11  10  9  8  7  6  5  4 3 2 1 0 }
After insert_front(17): F: [3] [ 7] B: [5] [ 4] ... {17 16 15 14  13  12  11  10  9  8  7  6  5  4 3 2 1 0 }
After insert_front(18): F: [3] [ 6] B: [5] [ 4] ... {18 17 16 15 14  13  12  11  10  9  8  7  6  5  4 3 2 1 0 }
After insert_front(19): F: [3] [ 5] B: [5] [ 4] ... {19 18 17 16 15 14  13  12  11  10  9  8  7  6  5  4 3 2 1 0 }
After insert_front(20): F: [3] [ 4] B: [5] [ 4] ... {20 19 18 17 16 15 14  13  12  11  10  9  8  7  6  5  4 3 2 1 0 }
After insert_front(21): F: [3] [ 3] B: [5] [ 4] ... {21 20 19 18 17 16 15 14  13  12  11  10  9  8  7  6  5  4 3 2 1 0 }
After insert_front(22): F: [3] [ 2] B: [5] [ 4] ... {22 21 20 19 18 17 16 15 14  13  12  11  10  9  8  7  6  5  4 3 2 1 0 }
After insert_front(23): F: [3] [ 1] B: [5] [ 4] ... {23 22 21 20 19 18 17 16 15 14  13  12  11  10  9  8  7  6  5  4 3 2 1 0 }
After insert_front(24): F: [3] [ 0] B: [5] [ 4] ... {24 23 22 21 20 19 18 17 16 15 14  13  12  11  10  9  8  7  6  5  4 3 2 1 0 }
After insert_front(25): F: [2] [ 9] B: [5] [ 4] ... {25 24  23  22  21  20  19  18  17  16  15  14  13  12  11  10  9  8  7  6  5  4 3 2 1 0 }
After insert_front(26): F: [2] [ 8] B: [5] [ 4] ... {26 25 24  23  22  21  20  19  18  17  16  15  14  13  12  11  10  9  8  7  6  5  4 3 2 1 0 }
After insert_front(27): F: [2] [ 7] B: [5] [ 4] ... {27 26 25 24  23  22  21  20  19  18  17  16  15  14  13  12  11  10  9  8  7  6  5  4 3 2 1 0 }
After insert_front(28): F: [2] [ 6] B: [5] [ 4] ... {28 27 26 25 24  23  22  21  20  19  18  17  16  15  14  13  12  11  10  9  8  7  6  5  4 3 2 1 0 }
After insert_front(29): F: [2] [ 5] B: [5] [ 4] ... {29 28 27 26 25 24  23  22  21  20  19  18  17  16  15  14  13  12  11  10  9  8  7  6  5  4 3 2 1 0 }
After insert_front(30): F: [2] [ 4] B: [5] [ 4] ... {30 29 28 27 26 25 24  23  22  21  20  19  18  17  16  15  14  13  12  11  10  9  8  7  6  5  4 3 2 1 0 }
After insert_front(31): F: [2] [ 3] B: [5] [ 4] ... {31 30 29 28 27 26 25 24  23  22  21  20  19  18  17  16  15  14  13  12  11  10  9  8  7  6  5  4 3 2 1 0 }
After insert_front(32): F: [2] [ 2] B: [5] [ 4] ... {32 31 30 29 28 27 26 25 24  23  22  21  20  19  18  17  16  15  14  13  12  11  10  9  8  7  6  5  4 3 2 1 0 }
After insert_front(33): F: [2] [ 1] B: [5] [ 4] ... {33 32 31 30 29 28 27 26 25 24  23  22  21  20  19  18  17  16  15  14  13  12  11  10  9  8  7  6  5  4 3 2 1 0 }
After insert_front(34): F: [2] [ 0] B: [5] [ 4] ... {34 33 32 31 30 29 28 27 26 25 24  23  22  21  20  19  18  17  16  15  14  13  12  11  10  9  8  7  6  5  4 3 2 1 0 }
After insert_front(35): F: [1] [ 9] B: [5] [ 4] ... {35 34  33  32  31  30  29  28  27  26  25  24  23  22  21  20  19  18  17  16  15  14  13  12  11  10  9  8  7  6  5  4 3 2 1 0 }
After insert_front(36): F: [1] [ 8] B: [5] [ 4] ... {36 35 34  33  32  31  30  29  28  27  26  25  24  23  22  21  20  19  18  17  16  15  14  13  12  11  10  9  8  7  6  5  4 3 2 1 0 }
After insert_front(37): F: [1] [ 7] B: [5] [ 4] ... {37 36 35 34  33  32  31  30  29  28  27  26  25  24  23  22  21  20  19  18  17  16  15  14  13  12  11  10  9  8  7  6  5  4 3 2 1 0 }
After insert_front(38): F: [1] [ 6] B: [5] [ 4] ... {38 37 36 35 34  33  32  31  30  29  28  27  26  25  24  23  22  21  20  19  18  17  16  15  14  13  12  11  10  9  8  7  6  5  4 3 2 1 0 }
After insert_front(39): F: [1] [ 5] B: [5] [ 4] ... {39 38 37 36 35 34  33  32  31  30  29  28  27  26  25  24  23  22  21  20  19  18  17  16  15  14  13  12  11  10  9  8  7  6  5  4 3 2 1 0 }
After insert_front(40): F: [1] [ 4] B: [5] [ 4] ... {40 39 38 37 36 35 34  33  32  31  30  29  28  27  26  25  24  23  22  21  20  19  18  17  16  15  14  13  12  11  10  9  8  7  6  5  4 3 2 1 0 }
After insert_front(41): F: [1] [ 3] B: [5] [ 4] ... {41 40 39 38 37 36 35 34  33  32  31  30  29  28  27  26  25  24  23  22  21  20  19  18  17  16  15  14  13  12  11  10  9  8  7  6  5  4 3 2 1 0 }
After insert_front(42): F: [1] [ 2] B: [5] [ 4] ... {42 41 40 39 38 37 36 35 34  33  32  31  30  29  28  27  26  25  24  23  22  21  20  19  18  17  16  15  14  13  12  11  10  9  8  7  6  5  4 3 2 1 0 }
After insert_front(43): F: [1] [ 1] B: [5] [ 4] ... {43 42 41 40 39 38 37 36 35 34  33  32  31  30  29  28  27  26  25  24  23  22  21  20  19  18  17  16  15  14  13  12  11  10  9  8  7  6  5  4 3 2 1 0 }
After insert_front(44): F: [1] [ 0] B: [5] [ 4] ... {44 43 42 41 40 39 38 37 36 35 34  33  32  31  30  29  28  27  26  25  24  23  22  21  20  19  18  17  16  15  14  13  12  11  10  9  8  7  6  5  4 3 2 1 0 }
After insert_front(45): F: [0] [ 9] B: [5] [ 4] ... {45 44  43  42  41  40  39  38  37  36  35  34  33  32  31  30  29  28  27  26  25  24  23  22  21  20  19  18  17  16  15  14  13  12  11  10  9  8  7  6  5  4 3 2 1 0 }
After insert_front(46): F: [0] [ 8] B: [5] [ 4] ... {46 45 44  43  42  41  40  39  38  37  36  35  34  33  32  31  30  29  28  27  26  25  24  23  22  21  20  19  18  17  16  15  14  13  12  11  10  9  8  7  6  5  4 3 2 1 0 }
After insert_front(47): F: [0] [ 7] B: [5] [ 4] ... {47 46 45 44  43  42  41  40  39  38  37  36  35  34  33  32  31  30  29  28  27  26  25  24  23  22  21  20  19  18  17  16  15  14  13  12  11  10  9  8  7  6  5  4 3 2 1 0 }
After insert_front(48): F: [0] [ 6] B: [5] [ 4] ... {48 47 46 45 44  43  42  41  40  39  38  37  36  35  34  33  32  31  30  29  28  27  26  25  24  23  22  21  20  19  18  17  16  15  14  13  12  11  10  9  8  7  6  5  4 3 2 1 0 }
After insert_front(49): F: [0] [ 5] B: [5] [ 4] ... {49 48 47 46 45 44  43  42  41  40  39  38  37  36  35  34  33  32  31  30  29  28  27  26  25  24  23  22  21  20  19  18  17  16  15  14  13  12  11  10  9  8  7  6  5  4 3 2 1 0 }
After insert_front(50): F: [0] [ 4] B: [5] [ 4] ... {50 49 48 47 46 45 44  43  42  41  40  39  38  37  36  35  34  33  32  31  30  29  28  27  26  25  24  23  22  21  20  19  18  17  16  15  14  13  12  11  10  9  8  7  6  5  4 3 2 1 0 }
After insert_front(51): F: [0] [ 3] B: [5] [ 4] ... {51 50 49 48 47 46 45 44  43  42  41  40  39  38  37  36  35  34  33  32  31  30  29  28  27  26  25  24  23  22  21  20  19  18  17  16  15  14  13  12  11  10  9  8  7  6  5  4 3 2 1 0 }
After insert_front(52): F: [0] [ 2] B: [5] [ 4] ... {52 51 50 49 48 47 46 45 44  43  42  41  40  39  38  37  36  35  34  33  32  31  30  29  28  27  26  25  24  23  22  21  20  19  18  17  16  15  14  13  12  11  10  9  8  7  6  5  4 3 2 1 0 }
After insert_front(53): F: [0] [ 1] B: [5] [ 4] ... {53 52 51 50 49 48 47 46 45 44  43  42  41  40  39  38  37  36  35  34  33  32  31  30  29  28  27  26  25  24  23  22  21  20  19  18  17  16  15  14  13  12  11  10  9  8  7  6  5  4 3 2 1 0 }
After insert_front(54): F: [0] [ 0] B: [5] [ 4] ... {54 53 52 51 50 49 48 47 46 45 44  43  42  41  40  39  38  37  36  35  34  33  32  31  30  29  28  27  26  25  24  23  22  21  20  19  18  17  16  15  14  13  12  11  10  9  8  7  6  5  4 3 2 1 0 }
After insert_front(55): F: [9] [ 9] B: [5] [ 4] ... {55 54  53  52  51  50  49  48  47  46  45  44  43  42  41  40  39  38  37  36  35  34  33  32  31  30  29  28  27  26  25  24  23  22  21  20  19  18  17  16  15  14  13  12  11  10  9  8  7  6  5  4 3 2 1 0 }
After insert_front(56): F: [9] [ 8] B: [5] [ 4] ... {56 55 54  53  52  51  50  49  48  47  46  45  44  43  42  41  40  39  38  37  36  35  34  33  32  31  30  29  28  27  26  25  24  23  22  21  20  19  18  17  16  15  14  13  12  11  10  9  8  7  6  5  4 3 2 1 0 }
After insert_front(57): F: [9] [ 7] B: [5] [ 4] ... {57 56 55 54  53  52  51  50  49  48  47  46  45  44  43  42  41  40  39  38  37  36  35  34  33  32  31  30  29  28  27  26  25  24  23  22  21  20  19  18  17  16  15  14  13  12  11  10  9  8  7  6  5  4 3 2 1 0 }
After insert_front(58): F: [9] [ 6] B: [5] [ 4] ... {58 57 56 55 54  53  52  51  50  49  48  47  46  45  44  43  42  41  40  39  38  37  36  35  34  33  32  31  30  29  28  27  26  25  24  23  22  21  20  19  18  17  16  15  14  13  12  11  10  9  8  7  6  5  4 3 2 1 0 }
After insert_front(59): F: [9] [ 5] B: [5] [ 4] ... {59 58 57 56 55 54  53  52  51  50  49  48  47  46  45  44  43  42  41  40  39  38  37  36  35  34  33  32  31  30  29  28  27  26  25  24  23  22  21  20  19  18  17  16  15  14  13  12  11  10  9  8  7  6  5  4 3 2 1 0 }
After insert_front(60): F: [9] [ 4] B: [5] [ 4] ... {60 59 58 57 56 55 54  53  52  51  50  49  48  47  46  45  44  43  42  41  40  39  38  37  36  35  34  33  32  31  30  29  28  27  26  25  24  23  22  21  20  19  18  17  16  15  14  13  12  11  10  9  8  7  6  5  4 3 2 1 0 }
After insert_front(61): F: [9] [ 3] B: [5] [ 4] ... {61 60 59 58 57 56 55 54  53  52  51  50  49  48  47  46  45  44  43  42  41  40  39  38  37  36  35  34  33  32  31  30  29  28  27  26  25  24  23  22  21  20  19  18  17  16  15  14  13  12  11  10  9  8  7  6  5  4 3 2 1 0 }
After insert_front(62): F: [9] [ 2] B: [5] [ 4] ... {62 61 60 59 58 57 56 55 54  53  52  51  50  49  48  47  46  45  44  43  42  41  40  39  38  37  36  35  34  33  32  31  30  29  28  27  26  25  24  23  22  21  20  19  18  17  16  15  14  13  12  11  10  9  8  7  6  5  4 3 2 1 0 }
After insert_front(63): F: [9] [ 1] B: [5] [ 4] ... {63 62 61 60 59 58 57 56 55 54  53  52  51  50  49  48  47  46  45  44  43  42  41  40  39  38  37  36  35  34  33  32  31  30  29  28  27  26  25  24  23  22  21  20  19  18  17  16  15  14  13  12  11  10  9  8  7  6  5  4 3 2 1 0 }
After insert_front(64): F: [9] [ 0] B: [5] [ 4] ... {64 63 62 61 60 59 58 57 56 55 54  53  52  51  50  49  48  47  46  45  44  43  42  41  40  39  38  37  36  35  34  33  32  31  30  29  28  27  26  25  24  23  22  21  20  19  18  17  16  15  14  13  12  11  10  9  8  7  6  5  4 3 2 1 0 }
After insert_front(65): F: [8] [ 9] B: [5] [ 4] ... {65 64  63  62  61  60  59  58  57  56  55  54  53  52  51  50  49  48  47  46  45  44  43  42  41  40  39  38  37  36  35  34  33  32  31  30  29  28  27  26  25  24  23  22  21  20  19  18  17  16  15  14  13  12  11  10  9  8  7  6  5  4 3 2 1 0 }
After insert_front(66): F: [8] [ 8] B: [5] [ 4] ... {66 65 64  63  62  61  60  59  58  57  56  55  54  53  52  51  50  49  48  47  46  45  44  43  42  41  40  39  38  37  36  35  34  33  32  31  30  29  28  27  26  25  24  23  22  21  20  19  18  17  16  15  14  13  12  11  10  9  8  7  6  5  4 3 2 1 0 }
After insert_front(67): F: [8] [ 7] B: [5] [ 4] ... {67 66 65 64  63  62  61  60  59  58  57  56  55  54  53  52  51  50  49  48  47  46  45  44  43  42  41  40  39  38  37  36  35  34  33  32  31  30  29  28  27  26  25  24  23  22  21  20  19  18  17  16  15  14  13  12  11  10  9  8  7  6  5  4 3 2 1 0 }
After insert_front(68): F: [8] [ 6] B: [5] [ 4] ... {68 67 66 65 64  63  62  61  60  59  58  57  56  55  54  53  52  51  50  49  48  47  46  45  44  43  42  41  40  39  38  37  36  35  34  33  32  31  30  29  28  27  26  25  24  23  22  21  20  19  18  17  16  15  14  13  12  11  10  9  8  7  6  5  4 3 2 1 0 }
After insert_front(69): F: [8] [ 5] B: [5] [ 4] ... {69 68 67 66 65 64  63  62  61  60  59  58  57  56  55  54  53  52  51  50  49  48  47  46  45  44  43  42  41  40  39  38  37  36  35  34  33  32  31  30  29  28  27  26  25  24  23  22  21  20  19  18  17  16  15  14  13  12  11  10  9  8  7  6  5  4 3 2 1 0 }
After insert_front(70): F: [8] [ 4] B: [5] [ 4] ... {70 69 68 67 66 65 64  63  62  61  60  59  58  57  56  55  54  53  52  51  50  49  48  47  46  45  44  43  42  41  40  39  38  37  36  35  34  33  32  31  30  29  28  27  26  25  24  23  22  21  20  19  18  17  16  15  14  13  12  11  10  9  8  7  6  5  4 3 2 1 0 }
After insert_front(71): F: [8] [ 3] B: [5] [ 4] ... {71 70 69 68 67 66 65 64  63  62  61  60  59  58  57  56  55  54  53  52  51  50  49  48  47  46  45  44  43  42  41  40  39  38  37  36  35  34  33  32  31  30  29  28  27  26  25  24  23  22  21  20  19  18  17  16  15  14  13  12  11  10  9  8  7  6  5  4 3 2 1 0 }
After insert_front(72): F: [8] [ 2] B: [5] [ 4] ... {72 71 70 69 68 67 66 65 64  63  62  61  60  59  58  57  56  55  54  53  52  51  50  49  48  47  46  45  44  43  42  41  40  39  38  37  36  35  34  33  32  31  30  29  28  27  26  25  24  23  22  21  20  19  18  17  16  15  14  13  12  11  10  9  8  7  6  5  4 3 2 1 0 }
After insert_front(73): F: [8] [ 1] B: [5] [ 4] ... {73 72 71 70 69 68 67 66 65 64  63  62  61  60  59  58  57  56  55  54  53  52  51  50  49  48  47  46  45  44  43  42  41  40  39  38  37  36  35  34  33  32  31  30  29  28  27  26  25  24  23  22  21  20  19  18  17  16  15  14  13  12  11  10  9  8  7  6  5  4 3 2 1 0 }
After insert_front(74): F: [8] [ 0] B: [5] [ 4] ... {74 73 72 71 70 69 68 67 66 65 64  63  62  61  60  59  58  57  56  55  54  53  52  51  50  49  48  47  46  45  44  43  42  41  40  39  38  37  36  35  34  33  32  31  30  29  28  27  26  25  24  23  22  21  20  19  18  17  16  15  14  13  12  11  10  9  8  7  6  5  4 3 2 1 0 }
After insert_front(75): F: [7] [ 9] B: [5] [ 4] ... {75 74  73  72  71  70  69  68  67  66  65  64  63  62  61  60  59  58  57  56  55  54  53  52  51  50  49  48  47  46  45  44  43  42  41  40  39  38  37  36  35  34  33  32  31  30  29  28  27  26  25  24  23  22  21  20  19  18  17  16  15  14  13  12  11  10  9  8  7  6  5  4 3 2 1 0 }
After insert_front(76): F: [7] [ 8] B: [5] [ 4] ... {76 75 74  73  72  71  70  69  68  67  66  65  64  63  62  61  60  59  58  57  56  55  54  53  52  51  50  49  48  47  46  45  44  43  42  41  40  39  38  37  36  35  34  33  32  31  30  29  28  27  26  25  24  23  22  21  20  19  18  17  16  15  14  13  12  11  10  9  8  7  6  5  4 3 2 1 0 }
After insert_front(77): F: [7] [ 7] B: [5] [ 4] ... {77 76 75 74  73  72  71  70  69  68  67  66  65  64  63  62  61  60  59  58  57  56  55  54  53  52  51  50  49  48  47  46  45  44  43  42  41  40  39  38  37  36  35  34  33  32  31  30  29  28  27  26  25  24  23  22  21  20  19  18  17  16  15  14  13  12  11  10  9  8  7  6  5  4 3 2 1 0 }
After insert_front(78): F: [7] [ 6] B: [5] [ 4] ... {78 77 76 75 74  73  72  71  70  69  68  67  66  65  64  63  62  61  60  59  58  57  56  55  54  53  52  51  50  49  48  47  46  45  44  43  42  41  40  39  38  37  36  35  34  33  32  31  30  29  28  27  26  25  24  23  22  21  20  19  18  17  16  15  14  13  12  11  10  9  8  7  6  5  4 3 2 1 0 }
After insert_front(79): F: [7] [ 5] B: [5] [ 4] ... {79 78 77 76 75 74  73  72  71  70  69  68  67  66  65  64  63  62  61  60  59  58  57  56  55  54  53  52  51  50  49  48  47  46  45  44  43  42  41  40  39  38  37  36  35  34  33  32  31  30  29  28  27  26  25  24  23  22  21  20  19  18  17  16  15  14  13  12  11  10  9  8  7  6  5  4 3 2 1 0 }
After insert_front(80): F: [7] [ 4] B: [5] [ 4] ... {80 79 78 77 76 75 74  73  72  71  70  69  68  67  66  65  64  63  62  61  60  59  58  57  56  55  54  53  52  51  50  49  48  47  46  45  44  43  42  41  40  39  38  37  36  35  34  33  32  31  30  29  28  27  26  25  24  23  22  21  20  19  18  17  16  15  14  13  12  11  10  9  8  7  6  5  4 3 2 1 0 }
After insert_front(81): F: [7] [ 3] B: [5] [ 4] ... {81 80 79 78 77 76 75 74  73  72  71  70  69  68  67  66  65  64  63  62  61  60  59  58  57  56  55  54  53  52  51  50  49  48  47  46  45  44  43  42  41  40  39  38  37  36  35  34  33  32  31  30  29  28  27  26  25  24  23  22  21  20  19  18  17  16  15  14  13  12  11  10  9  8  7  6  5  4 3 2 1 0 }
After insert_front(82): F: [7] [ 2] B: [5] [ 4] ... {82 81 80 79 78 77 76 75 74  73  72  71  70  69  68  67  66  65  64  63  62  61  60  59  58  57  56  55  54  53  52  51  50  49  48  47  46  45  44  43  42  41  40  39  38  37  36  35  34  33  32  31  30  29  28  27  26  25  24  23  22  21  20  19  18  17  16  15  14  13  12  11  10  9  8  7  6  5  4 3 2 1 0 }
After insert_front(83): F: [7] [ 1] B: [5] [ 4] ... {83 82 81 80 79 78 77 76 75 74  73  72  71  70  69  68  67  66  65  64  63  62  61  60  59  58  57  56  55  54  53  52  51  50  49  48  47  46  45  44  43  42  41  40  39  38  37  36  35  34  33  32  31  30  29  28  27  26  25  24  23  22  21  20  19  18  17  16  15  14  13  12  11  10  9  8  7  6  5  4 3 2 1 0 }
After insert_front(84): F: [7] [ 0] B: [5] [ 4] ... {84 83 82 81 80 79 78 77 76 75 74  73  72  71  70  69  68  67  66  65  64  63  62  61  60  59  58  57  56  55  54  53  52  51  50  49  48  47  46  45  44  43  42  41  40  39  38  37  36  35  34  33  32  31  30  29  28  27  26  25  24  23  22  21  20  19  18  17  16  15  14  13  12  11  10  9  8  7  6  5  4 3 2 1 0 }
After insert_front(85): F: [6] [ 9] B: [5] [ 4] ... {85 84  83  82  81  80  79  78  77  76  75  74  73  72  71  70  69  68  67  66  65  64  63  62  61  60  59  58  57  56  55  54  53  52  51  50  49  48  47  46  45  44  43  42  41  40  39  38  37  36  35  34  33  32  31  30  29  28  27  26  25  24  23  22  21  20  19  18  17  16  15  14  13  12  11  10  9  8  7  6  5  4 3 2 1 0 }
After insert_front(86): F: [6] [ 8] B: [5] [ 4] ... {86 85 84  83  82  81  80  79  78  77  76  75  74  73  72  71  70  69  68  67  66  65  64  63  62  61  60  59  58  57  56  55  54  53  52  51  50  49  48  47  46  45  44  43  42  41  40  39  38  37  36  35  34  33  32  31  30  29  28  27  26  25  24  23  22  21  20  19  18  17  16  15  14  13  12  11  10  9  8  7  6  5  4 3 2 1 0 }
After insert_front(87): F: [6] [ 7] B: [5] [ 4] ... {87 86 85 84  83  82  81  80  79  78  77  76  75  74  73  72  71  70  69  68  67  66  65  64  63  62  61  60  59  58  57  56  55  54  53  52  51  50  49  48  47  46  45  44  43  42  41  40  39  38  37  36  35  34  33  32  31  30  29  28  27  26  25  24  23  22  21  20  19  18  17  16  15  14  13  12  11  10  9  8  7  6  5  4 3 2 1 0 }
After insert_front(88): F: [6] [ 6] B: [5] [ 4] ... {88 87 86 85 84  83  82  81  80  79  78  77  76  75  74  73  72  71  70  69  68  67  66  65  64  63  62  61  60  59  58  57  56  55  54  53  52  51  50  49  48  47  46  45  44  43  42  41  40  39  38  37  36  35  34  33  32  31  30  29  28  27  26  25  24  23  22  21  20  19  18  17  16  15  14  13  12  11  10  9  8  7  6  5  4 3 2 1 0 }
After insert_front(89): F: [6] [ 5] B: [5] [ 4] ... {89 88 87 86 85 84  83  82  81  80  79  78  77  76  75  74  73  72  71  70  69  68  67  66  65  64  63  62  61  60  59  58  57  56  55  54  53  52  51  50  49  48  47  46  45  44  43  42  41  40  39  38  37  36  35  34  33  32  31  30  29  28  27  26  25  24  23  22  21  20  19  18  17  16  15  14  13  12  11  10  9  8  7  6  5  4 3 2 1 0 }
After insert_front(90): F: [6] [ 4] B: [5] [ 4] ... {90 89 88 87 86 85 84  83  82  81  80  79  78  77  76  75  74  73  72  71  70  69  68  67  66  65  64  63  62  61  60  59  58  57  56  55  54  53  52  51  50  49  48  47  46  45  44  43  42  41  40  39  38  37  36  35  34  33  32  31  30  29  28  27  26  25  24  23  22  21  20  19  18  17  16  15  14  13  12  11  10  9  8  7  6  5  4 3 2 1 0 }
After insert_front(91): F: [6] [ 3] B: [5] [ 4] ... {91 90 89 88 87 86 85 84  83  82  81  80  79  78  77  76  75  74  73  72  71  70  69  68  67  66  65  64  63  62  61  60  59  58  57  56  55  54  53  52  51  50  49  48  47  46  45  44  43  42  41  40  39  38  37  36  35  34  33  32  31  30  29  28  27  26  25  24  23  22  21  20  19  18  17  16  15  14  13  12  11  10  9  8  7  6  5  4 3 2 1 0 }
After insert_front(92): F: [6] [ 2] B: [5] [ 4] ... {92 91 90 89 88 87 86 85 84  83  82  81  80  79  78  77  76  75  74  73  72  71  70  69  68  67  66  65  64  63  62  61  60  59  58  57  56  55  54  53  52  51  50  49  48  47  46  45  44  43  42  41  40  39  38  37  36  35  34  33  32  31  30  29  28  27  26  25  24  23  22  21  20  19  18  17  16  15  14  13  12  11  10  9  8  7  6  5  4 3 2 1 0 }
After insert_front(93): F: [6] [ 1] B: [5] [ 4] ... {93 92 91 90 89 88 87 86 85 84  83  82  81  80  79  78  77  76  75  74  73  72  71  70  69  68  67  66  65  64  63  62  61  60  59  58  57  56  55  54  53  52  51  50  49  48  47  46  45  44  43  42  41  40  39  38  37  36  35  34  33  32  31  30  29  28  27  26  25  24  23  22  21  20  19  18  17  16  15  14  13  12  11  10  9  8  7  6  5  4 3 2 1 0 }
After insert_front(94): F: [6] [ 0] B: [5] [ 4] ... {94 93 92 91 90 89 88 87 86 85 84  83  82  81  80  79  78  77  76  75  74  73  72  71  70  69  68  67  66  65  64  63  62  61  60  59  58  57  56  55  54  53  52  51  50  49  48  47  46  45  44  43  42  41  40  39  38  37  36  35  34  33  32  31  30  29  28  27  26  25  24  23  22  21  20  19  18  17  16  15  14  13  12  11  10  9  8  7  6  5  4 3 2 1 0 }


Need bigger vector

After insert_front(95): F: [19] [ 9] B: [9] [ 4] ... {95 94  93  92  91  90  89  88  87  86  85  84  83  82  81  80  79  78  77  76  75  74  73  72  71  70  69  68  67  66  65  64  63  62  61  60  59  58  57  56  55  54  53  52  51  50  49  48  47  46  45  44  43  42  41  40  39  38  37  36  35  34  33  32  31  30  29  28  27  26  25  24  23  22  21  20  19  18  17  16  15  14  13  12  11  10  9  8  7  6  5  4 3 2 1 0 }
After insert_front(96): F: [19] [ 8] B: [9] [ 4] ... {96 95 94  93  92  91  90  89  88  87  86  85  84  83  82  81  80  79  78  77  76  75  74  73  72  71  70  69  68  67  66  65  64  63  62  61  60  59  58  57  56  55  54  53  52  51  50  49  48  47  46  45  44  43  42  41  40  39  38  37  36  35  34  33  32  31  30  29  28  27  26  25  24  23  22  21  20  19  18  17  16  15  14  13  12  11  10  9  8  7  6  5  4 3 2 1 0 }
After insert_front(97): F: [19] [ 7] B: [9] [ 4] ... {97 96 95 94  93  92  91  90  89  88  87  86  85  84  83  82  81  80  79  78  77  76  75  74  73  72  71  70  69  68  67  66  65  64  63  62  61  60  59  58  57  56  55  54  53  52  51  50  49  48  47  46  45  44  43  42  41  40  39  38  37  36  35  34  33  32  31  30  29  28  27  26  25  24  23  22  21  20  19  18  17  16  15  14  13  12  11  10  9  8  7  6  5  4 3 2 1 0 }
After insert_front(98): F: [19] [ 6] B: [9] [ 4] ... {98 97 96 95 94  93  92  91  90  89  88  87  86  85  84  83  82  81  80  79  78  77  76  75  74  73  72  71  70  69  68  67  66  65  64  63  62  61  60  59  58  57  56  55  54  53  52  51  50  49  48  47  46  45  44  43  42  41  40  39  38  37  36  35  34  33  32  31  30  29  28  27  26  25  24  23  22  21  20  19  18  17  16  15  14  13  12  11  10  9  8  7  6  5  4 3 2 1 0 }
After insert_front(99): F: [19] [ 5] B: [9] [ 4] ... {99 98 97 96 95 94  93  92  91  90  89  88  87  86  85  84  83  82  81  80  79  78  77  76  75  74  73  72  71  70  69  68  67  66  65  64  63  62  61  60  59  58  57  56  55  54  53  52  51  50  49  48  47  46  45  44  43  42  41  40  39  38  37  36  35  34  33  32  31  30  29  28  27  26  25  24  23  22  21  20  19  18  17  16  15  14  13  12  11  10  9  8  7  6  5  4 3 2 1 0 }
The front of the deque is 99
The back of the deque is 0
The size of the deque is 100
The 13th element is 86
Changed it to 3333333: F: [19] [ 5] B: [9] [ 4] ... {99 98 97 96 95 94  93  92  91  90  89  88  87  3333333  85  84  83  82  81  80  79  78  77  76  75  74  73  72  71  70  69  68  67  66  65  64  63  62  61  60  59  58  57  56  55  54  53  52  51  50  49  48  47  46  45  44  43  42  41  40  39  38  37  36  35  34  33  32  31  30  29  28  27  26  25  24  23  22  21  20  19  18  17  16  15  14  13  12  11  10  9  8  7  6  5  4 3 2 1 0 }
after removing all: F: [19] [ 5] B: [19] [ 4] ... { }
SUCCESS!
